"../../../Engine/Content/Animation/DefaultAnimBoneCompressionSettings.uasset" 0
"../../../Engine/Content/Animation/DefaultAnimBoneCompressionSettings.uexp" 1
"../../../Engine/Content/Animation/DefaultAnimCurveCompressionSettings.uasset" 2
"../../../Engine/Content/Animation/DefaultAnimCurveCompressionSettings.uexp" 3
"../../../Engine/Content/EngineMaterials/T_Default_Material_Grid_N.uasset" 4
"../../../Engine/Content/EngineMaterials/T_Default_Material_Grid_N.uexp" 5
"../../../Engine/Content/EngineMaterials/T_Default_Material_Grid_N.ubulk" 6
"../../../Engine/Content/EngineMaterials/T_Default_Material_Grid_M.uasset" 7
"../../../Engine/Content/EngineMaterials/T_Default_Material_Grid_M.uexp" 8
"../../../Engine/Content/EngineMaterials/T_Default_Material_Grid_M.ubulk" 9
"../../../Engine/Content/Functions/Engine_MaterialFunctions01/Opacity/CameraDepthFade.uasset" 10
"../../../Engine/Content/Functions/Engine_MaterialFunctions01/Opacity/CameraDepthFade.uexp" 11
"../../../Engine/Content/EngineMaterials/WorldGridMaterial.uasset" 12
"../../../Engine/Content/EngineMaterials/WorldGridMaterial.uexp" 13
"../../../Engine/Content/ArtTools/RenderToTexture/Meshes/S_1_Unit_Plane.uasset" 14
"../../../Engine/Content/ArtTools/RenderToTexture/Meshes/S_1_Unit_Plane.uexp" 15
"../../../Engine/Content/EngineMaterials/DefaultMaterial.uasset" 16
"../../../Engine/Content/EngineMaterials/DefaultMaterial.uexp" 17
"../../../Engine/Content/BasicShapes/Cone.uasset" 18
"../../../Engine/Content/BasicShapes/Cone.uexp" 19
"../../../Engine/Content/BasicShapes/Cube.uasset" 20
"../../../Engine/Content/BasicShapes/Cube.uexp" 21
"../../../Engine/Content/BasicShapes/Plane.uasset" 22
"../../../Engine/Content/BasicShapes/Plane.uexp" 23
"../../../Engine/Content/BasicShapes/Sphere.uasset" 24
"../../../Engine/Content/BasicShapes/Sphere.uexp" 25
"../../../Engine/Content/EngineMaterials/DefaultPhysicalMaterial.uasset" 26
"../../../Engine/Content/EngineMaterials/DefaultPhysicalMaterial.uexp" 27
"../../../Engine/Content/BufferVisualization/AmbientOcclusion.uasset" 28
"../../../Engine/Content/BufferVisualization/AmbientOcclusion.uexp" 29
"../../../Engine/Content/Functions/Engine_MaterialFunctions02/Utility/AppendMany.uasset" 30
"../../../Engine/Content/Functions/Engine_MaterialFunctions02/Utility/AppendMany.uexp" 31
"../../../Engine/Content/BufferVisualization/Anisotropy.uasset" 32
"../../../Engine/Content/BufferVisualization/Anisotropy.uexp" 33
"../../../Engine/Content/BufferVisualization/BaseColor.uasset" 34
"../../../Engine/Content/BufferVisualization/BaseColor.uexp" 35
"../../../Engine/Content/BufferVisualization/CustomDepth.uasset" 36
"../../../Engine/Content/BufferVisualization/CustomDepth.uexp" 37
"../../../Engine/Content/Functions/Engine_MaterialFunctions02/Utility/VectorLength.uasset" 38
"../../../Engine/Content/Functions/Engine_MaterialFunctions02/Utility/VectorLength.uexp" 39
"../../../Engine/Content/BufferVisualization/CustomDepthWorldUnits.uasset" 40
"../../../Engine/Content/BufferVisualization/CustomDepthWorldUnits.uexp" 41
"../../../Engine/Content/Functions/Engine_MaterialFunctions02/Utility/BreakOutFloat2Components.uasset" 42
"../../../Engine/Content/Functions/Engine_MaterialFunctions02/Utility/BreakOutFloat2Components.uexp" 43
"../../../Engine/Content/Functions/Engine_MaterialFunctions01/Texturing/ScaleUVsByCenter.uasset" 44
"../../../Engine/Content/Functions/Engine_MaterialFunctions01/Texturing/ScaleUVsByCenter.uexp" 45
"../../../Engine/Content/EngineMaterials/MiniFont.uasset" 46
"../../../Engine/Content/EngineMaterials/MiniFont.uexp" 47
"../../../Engine/Content/Functions/Engine_MaterialFunctions02/Utility/MakeFloat3.uasset" 48
"../../../Engine/Content/Functions/Engine_MaterialFunctions02/Utility/MakeFloat3.uexp" 49
"../../../Engine/Content/Functions/Engine_MaterialFunctions02/Utility/MakeFloat2.uasset" 50
"../../../Engine/Content/Functions/Engine_MaterialFunctions02/Utility/MakeFloat2.uexp" 51
"../../../Engine/Content/Functions/Engine_MaterialFunctions02/ScreenResolution.uasset" 52
"../../../Engine/Content/Functions/Engine_MaterialFunctions02/ScreenResolution.uexp" 53
"../../../Engine/Content/Functions/Engine_MaterialFunctions02/Texturing/ScreenAlignedUVs.uasset" 54
"../../../Engine/Content/Functions/Engine_MaterialFunctions02/Texturing/ScreenAlignedUVs.uexp" 55
"../../../Engine/Content/BufferVisualization/CustomStencil.uasset" 56
"../../../Engine/Content/BufferVisualization/CustomStencil.uexp" 57
"../../../Engine/Content/BufferVisualization/FinalImage.uasset" 58
"../../../Engine/Content/BufferVisualization/FinalImage.uexp" 59
"../../../Engine/Content/BufferVisualization/LightingModel.uasset" 60
"../../../Engine/Content/BufferVisualization/LightingModel.uexp" 61
"../../../Engine/Content/BufferVisualization/MaterialAO.uasset" 62
"../../../Engine/Content/BufferVisualization/MaterialAO.uexp" 63
"../../../Engine/Content/BufferVisualization/Metallic.uasset" 64
"../../../Engine/Content/BufferVisualization/Metallic.uexp" 65
"../../../Engine/Content/BufferVisualization/Opacity.uasset" 66
"../../../Engine/Content/BufferVisualization/Opacity.uexp" 67
"../../../Engine/Content/BufferVisualization/PostTonemapHDRColor.uasset" 68
"../../../Engine/Content/BufferVisualization/PostTonemapHDRColor.uexp" 69
"../../../Engine/Content/BufferVisualization/PreTonemapHDRColor.uasset" 70
"../../../Engine/Content/BufferVisualization/PreTonemapHDRColor.uexp" 71
"../../../Engine/Content/BufferVisualization/Roughness.uasset" 72
"../../../Engine/Content/BufferVisualization/Roughness.uexp" 73
"../../../Engine/Content/BufferVisualization/SceneColor.uasset" 74
"../../../Engine/Content/BufferVisualization/SceneColor.uexp" 75
"../../../Engine/Content/BufferVisualization/SceneDepth.uasset" 76
"../../../Engine/Content/BufferVisualization/SceneDepth.uexp" 77
"../../../Engine/Content/BufferVisualization/SceneDepthWorldUnits.uasset" 78
"../../../Engine/Content/BufferVisualization/SceneDepthWorldUnits.uexp" 79
"../../../Engine/Content/BufferVisualization/SeparateTranslucencyA.uasset" 80
"../../../Engine/Content/BufferVisualization/SeparateTranslucencyA.uexp" 81
"../../../Engine/Content/BufferVisualization/SeparateTranslucencyRGB.uasset" 82
"../../../Engine/Content/BufferVisualization/SeparateTranslucencyRGB.uexp" 83
"../../../Engine/Content/BufferVisualization/Specular.uasset" 84
"../../../Engine/Content/BufferVisualization/Specular.uexp" 85
"../../../Engine/Content/BufferVisualization/SubsurfaceColor.uasset" 86
"../../../Engine/Content/BufferVisualization/SubsurfaceColor.uexp" 87
"../../../Engine/Content/BufferVisualization/Velocity.uasset" 88
"../../../Engine/Content/BufferVisualization/Velocity.uexp" 89
"../../../Engine/Content/BufferVisualization/WorldNormal.uasset" 90
"../../../Engine/Content/BufferVisualization/WorldNormal.uexp" 91
"../../../Engine/Content/BufferVisualization/WorldTangent.uasset" 92
"../../../Engine/Content/BufferVisualization/WorldTangent.uexp" 93
"../../../Engine/Content/EditorLandscapeResources/DataLayer.uasset" 94
"../../../Engine/Content/EditorLandscapeResources/DataLayer.uexp" 95
"../../../Engine/Content/EditorLandscapeResources/DefaultAlphaTexture.uasset" 96
"../../../Engine/Content/EditorLandscapeResources/DefaultAlphaTexture.uexp" 97
"../../../Engine/Content/EditorLandscapeResources/LandscapeGizmoHeight_Mat.uasset" 98
"../../../Engine/Content/EditorLandscapeResources/LandscapeGizmoHeight_Mat.uexp" 99
"../../../Engine/Content/EditorLandscapeResources/LandscapeGizmo_Mat.uasset" 100
"../../../Engine/Content/EditorLandscapeResources/LandscapeGizmo_Mat.uexp" 101
"../../../Engine/Content/EditorLandscapeResources/LandscapeGizmo_Mat_Copied.uasset" 102
"../../../Engine/Content/EditorLandscapeResources/LandscapeGizmo_Mat_Copied.uexp" 103
"../../../Engine/Content/EditorLandscapeResources/SplineEditorMeshMat.uasset" 104
"../../../Engine/Content/EditorLandscapeResources/SplineEditorMeshMat.uexp" 105
"../../../Engine/Content/EditorLandscapeResources/SplineEditorMesh.uasset" 106
"../../../Engine/Content/EditorLandscapeResources/SplineEditorMesh.uexp" 107
"../../../Engine/Content/EditorMaterials/Cross.uasset" 108
"../../../Engine/Content/EditorMaterials/Cross.uexp" 109
"../../../Engine/Content/EditorMaterials/Cross_Mat.uasset" 110
"../../../Engine/Content/EditorMaterials/Cross_Mat.uexp" 111
"../../../Engine/Content/EditorResources/T_EditorHelp.uasset" 112
"../../../Engine/Content/EditorResources/T_EditorHelp.uexp" 113
"../../../Engine/Content/EditorResources/T_EditorHelp.ubulk" 114
"../../../Engine/Content/Functions/Engine_MaterialFunctions02/ExampleContent/Textures/DebugNumberPeriod.uasset" 115
"../../../Engine/Content/Functions/Engine_MaterialFunctions02/ExampleContent/Textures/DebugNumberPeriod.uexp" 116
"../../../Engine/Content/Functions/Engine_MaterialFunctions02/ExampleContent/DebugNumberStrip.uasset" 117
"../../../Engine/Content/Functions/Engine_MaterialFunctions02/ExampleContent/DebugNumberStrip.uexp" 118
"../../../Engine/Content/EngineMaterials/DefaultDiffuse.uasset" 119
"../../../Engine/Content/EngineMaterials/DefaultDiffuse.uexp" 120
"../../../Engine/Content/EngineMaterials/DefaultDiffuse.ubulk" 121
"../../../Engine/Content/Functions/Engine_MaterialFunctions01/Texturing/TextureCropping.uasset" 122
"../../../Engine/Content/Functions/Engine_MaterialFunctions01/Texturing/TextureCropping.uexp" 123
"../../../Engine/Content/Functions/Engine_MaterialFunctions01/Texturing/ComputeMipLevel.uasset" 124
"../../../Engine/Content/Functions/Engine_MaterialFunctions01/Texturing/ComputeMipLevel.uexp" 125
"../../../Engine/Content/Functions/Engine_MaterialFunctions02/Utility/DebugScalarValues.uasset" 126
"../../../Engine/Content/Functions/Engine_MaterialFunctions02/Utility/DebugScalarValues.uexp" 127
"../../../Engine/Content/Functions/Engine_MaterialFunctions02/Utility/DebugFloat2Values.uasset" 128
"../../../Engine/Content/Functions/Engine_MaterialFunctions02/Utility/DebugFloat2Values.uexp" 129
"../../../Engine/Content/Functions/Engine_MaterialFunctions02/ExampleContent/Textures/flipbook.uasset" 130
"../../../Engine/Content/Functions/Engine_MaterialFunctions02/ExampleContent/Textures/flipbook.uexp" 131
"../../../Engine/Content/Functions/Engine_MaterialFunctions02/ExampleContent/Textures/flipbook.ubulk" 132
"../../../Engine/Content/Functions/Engine_MaterialFunctions02/Texturing/FlipBook.uasset" 133
"../../../Engine/Content/Functions/Engine_MaterialFunctions02/Texturing/FlipBook.uexp" 134
"../../../Engine/Content/Functions/Engine_MaterialFunctions02/Utility/Sign.uasset" 135
"../../../Engine/Content/Functions/Engine_MaterialFunctions02/Utility/Sign.uexp" 136
"../../../Engine/Content/Functions/Engine_MaterialFunctions02/Utility/Round.uasset" 137
"../../../Engine/Content/Functions/Engine_MaterialFunctions02/Utility/Round.uexp" 138
"../../../Engine/Content/EditorMaterials/HelpActorMaterial.uasset" 139
"../../../Engine/Content/EditorMaterials/HelpActorMaterial.uexp" 140
"../../../Engine/Content/Functions/Engine_MaterialFunctions03/Procedurals/ComputeFilterWidth.uasset" 141
"../../../Engine/Content/Functions/Engine_MaterialFunctions03/Procedurals/ComputeFilterWidth.uexp" 142
"../../../Engine/Content/EngineMaterials/BlendFunc_DefBlend.uasset" 143
"../../../Engine/Content/EngineMaterials/BlendFunc_DefBlend.uexp" 144
"../../../Engine/Content/EngineMaterials/BlendFunc_DefBase.uasset" 145
"../../../Engine/Content/EngineMaterials/BlendFunc_DefBase.uexp" 146
"../../../Engine/Content/Functions/Engine_MaterialFunctions03/Blends/Blend_Screen.uasset" 147
"../../../Engine/Content/Functions/Engine_MaterialFunctions03/Blends/Blend_Screen.uexp" 148
"../../../Engine/Content/EditorMaterials/TilingAALineIntegral.uasset" 149
"../../../Engine/Content/EditorMaterials/TilingAALineIntegral.uexp" 150
"../../../Engine/Content/EditorMaterials/TilingAALineBoxFiltered.uasset" 151
"../../../Engine/Content/EditorMaterials/TilingAALineBoxFiltered.uexp" 152
"../../../Engine/Content/EditorMaterials/TilingAAGrid.uasset" 153
"../../../Engine/Content/EditorMaterials/TilingAAGrid.uexp" 154
"../../../Engine/Content/EditorMaterials/TilingAADots.uasset" 155
"../../../Engine/Content/EditorMaterials/TilingAADots.uexp" 156
"../../../Engine/Content/EditorMaterials/CompositeARGBLayer.uasset" 157
"../../../Engine/Content/EditorMaterials/CompositeARGBLayer.uexp" 158
"../../../Engine/Content/EditorMaterials/LevelGridMaterial.uasset" 159
"../../../Engine/Content/EditorMaterials/LevelGridMaterial.uexp" 160
"../../../Engine/Content/EditorResources/LevelGrid1DStripes.uasset" 161
"../../../Engine/Content/EditorResources/LevelGrid1DStripes.uexp" 162
"../../../Engine/Content/EditorMaterials/TextureGridCascaded1D.uasset" 163
"../../../Engine/Content/EditorMaterials/TextureGridCascaded1D.uexp" 164
"../../../Engine/Content/EditorMaterials/TextureGridCascaded2D.uasset" 165
"../../../Engine/Content/EditorMaterials/TextureGridCascaded2D.uexp" 166
"../../../Engine/Content/EditorMaterials/MakeCompositeARGBLayer.uasset" 167
"../../../Engine/Content/EditorMaterials/MakeCompositeARGBLayer.uexp" 168
"../../../Engine/Content/EditorMaterials/LevelGridMaterial2.uasset" 169
"../../../Engine/Content/EditorMaterials/LevelGridMaterial2.uexp" 170
"../../../Engine/Content/EditorMaterials/MAT_Groups_Toggle.uasset" 171
"../../../Engine/Content/EditorMaterials/MAT_Groups_Toggle.uexp" 172
"../../../Engine/Content/EditorMaterials/MAT_Groups_Visibility.uasset" 173
"../../../Engine/Content/EditorMaterials/MAT_Groups_Visibility.uexp" 174
"../../../Engine/Content/EditorMaterials/PhAT_BoneSelectedMaterial.uasset" 175
"../../../Engine/Content/EditorMaterials/PhAT_BoneSelectedMaterial.uexp" 176
"../../../Engine/Content/EditorMaterials/PhAT_ElemSelectedMaterial.uasset" 177
"../../../Engine/Content/EditorMaterials/PhAT_ElemSelectedMaterial.uexp" 178
"../../../Engine/Content/EditorMaterials/PhAT_NoCollisionMaterial.uasset" 179
"../../../Engine/Content/EditorMaterials/PhAT_NoCollisionMaterial.uexp" 180
"../../../Engine/Content/EditorMaterials/PhAT_UnselectedMaterial.uasset" 181
"../../../Engine/Content/EditorMaterials/PhAT_UnselectedMaterial.uexp" 182
"../../../Engine/Content/EditorMaterials/PreviewShadowIndicator.uasset" 183
"../../../Engine/Content/EditorMaterials/PreviewShadowIndicator.uexp" 184
"../../../Engine/Content/EditorMaterials/PreviewShadowIndicator.ubulk" 185
"../../../Engine/Content/EditorMaterials/PreviewShadowIndicatorMaterial.uasset" 186
"../../../Engine/Content/EditorMaterials/PreviewShadowIndicatorMaterial.uexp" 187
"../../../Engine/Content/EditorMaterials/TargetIcon.uasset" 188
"../../../Engine/Content/EditorMaterials/TargetIcon.uexp" 189
"../../../Engine/Content/EditorMaterials/TargetIcon.ubulk" 190
"../../../Engine/Content/EditorMaterials/Tick.uasset" 191
"../../../Engine/Content/EditorMaterials/Tick.uexp" 192
"../../../Engine/Content/EditorMaterials/Tick_Mat.uasset" 193
"../../../Engine/Content/EditorMaterials/Tick_Mat.uexp" 194
"../../../Engine/Content/EditorMaterials/WidgetGridVertexColorMaterial.uasset" 195
"../../../Engine/Content/EditorMaterials/WidgetGridVertexColorMaterial.uexp" 196
"../../../Engine/Content/EditorMaterials/WidgetGridVertexColorMaterial.ubulk" 197
"../../../Engine/Content/EditorMaterials/WidgetGridVertexColorMaterial_Ma.uasset" 198
"../../../Engine/Content/EditorMaterials/WidgetGridVertexColorMaterial_Ma.uexp" 199
"../../../Engine/Content/EditorMaterials/WidgetMaterial.uasset" 200
"../../../Engine/Content/EditorMaterials/WidgetMaterial.uexp" 201
"../../../Engine/Content/EditorMaterials/WidgetMaterial_Current.uasset" 202
"../../../Engine/Content/EditorMaterials/WidgetMaterial_Current.uexp" 203
"../../../Engine/Content/EditorMaterials/WidgetMaterial_X.uasset" 204
"../../../Engine/Content/EditorMaterials/WidgetMaterial_X.uexp" 205
"../../../Engine/Content/EditorMaterials/WidgetMaterial_Y.uasset" 206
"../../../Engine/Content/EditorMaterials/WidgetMaterial_Y.uexp" 207
"../../../Engine/Content/EditorMaterials/WidgetMaterial_Z.uasset" 208
"../../../Engine/Content/EditorMaterials/WidgetMaterial_Z.uexp" 209
"../../../Engine/Content/EditorMaterials/WidgetVertexColorMaterial.uasset" 210
"../../../Engine/Content/EditorMaterials/WidgetVertexColorMaterial.uexp" 211
"../../../Engine/Content/EditorMaterials/MatineeGroups/MAT_ColorTrack.uasset" 212
"../../../Engine/Content/EditorMaterials/MatineeGroups/MAT_ColorTrack.uexp" 213
"../../../Engine/Content/EditorMaterials/MatineeGroups/MAT_Groups_Anim.uasset" 214
"../../../Engine/Content/EditorMaterials/MatineeGroups/MAT_Groups_Anim.uexp" 215
"../../../Engine/Content/EditorMaterials/MatineeGroups/MAT_Groups_AudioMaster.uasset" 216
"../../../Engine/Content/EditorMaterials/MatineeGroups/MAT_Groups_AudioMaster.uexp" 217
"../../../Engine/Content/EditorMaterials/MatineeGroups/MAT_Groups_Director.uasset" 218
"../../../Engine/Content/EditorMaterials/MatineeGroups/MAT_Groups_Director.uexp" 219
"../../../Engine/Content/EditorMaterials/MatineeGroups/MAT_Groups_Event.uasset" 220
"../../../Engine/Content/EditorMaterials/MatineeGroups/MAT_Groups_Event.uexp" 221
"../../../Engine/Content/EditorMaterials/MatineeGroups/MAT_Groups_Fade.uasset" 222
"../../../Engine/Content/EditorMaterials/MatineeGroups/MAT_Groups_Fade.uexp" 223
"../../../Engine/Content/EditorMaterials/MatineeGroups/MAT_Groups_Float.uasset" 224
"../../../Engine/Content/EditorMaterials/MatineeGroups/MAT_Groups_Float.uexp" 225
"../../../Engine/Content/EditorMaterials/MatineeGroups/MAT_Groups_Move.uasset" 226
"../../../Engine/Content/EditorMaterials/MatineeGroups/MAT_Groups_Move.uexp" 227
"../../../Engine/Content/EditorMaterials/MatineeGroups/MAT_Groups_Slomo.uasset" 228
"../../../Engine/Content/EditorMaterials/MatineeGroups/MAT_Groups_Slomo.uexp" 229
"../../../Engine/Content/EditorMaterials/MatineeGroups/MAT_Groups_Sound.uasset" 230
"../../../Engine/Content/EditorMaterials/MatineeGroups/MAT_Groups_Sound.uexp" 231
"../../../Engine/Content/EditorMaterials/MatineeGroups/MAT_Groups_Vector.uasset" 232
"../../../Engine/Content/EditorMaterials/MatineeGroups/MAT_Groups_Vector.uexp" 233
"../../../Engine/Content/EditorMaterials/ParticleSystems/PSysThumbnail_NoImage.uasset" 234
"../../../Engine/Content/EditorMaterials/ParticleSystems/PSysThumbnail_NoImage.uexp" 235
"../../../Engine/Content/EditorMaterials/ParticleSystems/PSysThumbnail_NoImage.ubulk" 236
"../../../Engine/Content/EditorMaterials/ParticleSystems/PSysThumbnail_OOD.uasset" 237
"../../../Engine/Content/EditorMaterials/ParticleSystems/PSysThumbnail_OOD.uexp" 238
"../../../Engine/Content/EditorMaterials/ParticleSystems/PSysThumbnail_OOD.ubulk" 239
"../../../Engine/Content/EditorMeshes/EditorCube.uasset" 240
"../../../Engine/Content/EditorMeshes/EditorCube.uexp" 241
"../../../Engine/Content/EditorMeshes/EditorCylinder.uasset" 242
"../../../Engine/Content/EditorMeshes/EditorCylinder.uexp" 243
"../../../Engine/Content/EditorMeshes/EditorPlane.uasset" 244
"../../../Engine/Content/EditorMeshes/EditorPlane.uexp" 245
"../../../Engine/Content/EditorMaterials/Thumbnails/SkySphereMaterial.uasset" 246
"../../../Engine/Content/EditorMaterials/Thumbnails/SkySphereMaterial.uexp" 247
"../../../Engine/Content/EditorMeshes/EditorSkySphere.uasset" 248
"../../../Engine/Content/EditorMeshes/EditorSkySphere.uexp" 249
"../../../Engine/Content/EditorMeshes/EditorSphere.uasset" 250
"../../../Engine/Content/EditorMeshes/EditorSphere.uexp" 251
"../../../Engine/Content/EditorResources/MatineeCam_D.uasset" 252
"../../../Engine/Content/EditorResources/MatineeCam_D.uexp" 253
"../../../Engine/Content/EditorMaterials/MatineeCam_mat.uasset" 254
"../../../Engine/Content/EditorMaterials/MatineeCam_mat.uexp" 255
"../../../Engine/Content/EditorMeshes/MatineeCam_SM.uasset" 256
"../../../Engine/Content/EditorMeshes/MatineeCam_SM.uexp" 257
"../../../Engine/Content/EditorMeshes/PlanarReflectionPlane.uasset" 258
"../../../Engine/Content/EditorMeshes/PlanarReflectionPlane.uexp" 259
"../../../Engine/Content/EngineDebugMaterials/M_SimpleOpaque.uasset" 260
"../../../Engine/Content/EngineDebugMaterials/M_SimpleOpaque.uexp" 261
"../../../Engine/Content/EditorMaterials/Camera/MI_CineMat_CamViewFinder.uasset" 262
"../../../Engine/Content/EditorMaterials/Camera/MI_CineMat_CamViewFinder.uexp" 263
"../../../Engine/Content/EditorMaterials/Camera/CineMat.uasset" 264
"../../../Engine/Content/EditorMaterials/Camera/CineMat.uexp" 265
"../../../Engine/Content/EditorMaterials/Camera/MI_CineMat_CameraBody.uasset" 266
"../../../Engine/Content/EditorMaterials/Camera/MI_CineMat_CameraBody.uexp" 267
"../../../Engine/Content/EditorMeshes/Camera/SM_CineCam.uasset" 268
"../../../Engine/Content/EditorMeshes/Camera/SM_CineCam.uexp" 269
"../../../Engine/Content/EditorMaterials/Camera/MI_CineMat_Rig.uasset" 270
"../../../Engine/Content/EditorMaterials/Camera/MI_CineMat_Rig.uexp" 271
"../../../Engine/Content/EditorMeshes/Camera/SM_CraneRig_Arm.uasset" 272
"../../../Engine/Content/EditorMeshes/Camera/SM_CraneRig_Arm.uexp" 273
"../../../Engine/Content/EditorMeshes/Camera/SM_CraneRig_Base.uasset" 274
"../../../Engine/Content/EditorMeshes/Camera/SM_CraneRig_Base.uexp" 275
"../../../Engine/Content/EditorMeshes/Camera/SM_CraneRig_Body.uasset" 276
"../../../Engine/Content/EditorMeshes/Camera/SM_CraneRig_Body.uexp" 277
"../../../Engine/Content/EditorMeshes/Camera/SM_CraneRig_Mount.uasset" 278
"../../../Engine/Content/EditorMeshes/Camera/SM_CraneRig_Mount.uexp" 279
"../../../Engine/Content/EditorMeshes/Camera/SM_RailRig_Mount.uasset" 280
"../../../Engine/Content/EditorMeshes/Camera/SM_RailRig_Mount.uexp" 281
"../../../Engine/Content/EditorMeshes/Camera/SM_RailRig_Track.uasset" 282
"../../../Engine/Content/EditorMeshes/Camera/SM_RailRig_Track.uexp" 283
"../../../Engine/Content/EditorMeshes/ColorCalibrator/M_ChromeBall.uasset" 284
"../../../Engine/Content/EditorMeshes/ColorCalibrator/M_ChromeBall.uexp" 285
"../../../Engine/Content/EditorResources/Bad.uasset" 286
"../../../Engine/Content/EditorResources/Bad.uexp" 287
"../../../Engine/Content/EditorResources/Bad.ubulk" 288
"../../../Engine/Content/EditorResources/BSPVertex.uasset" 289
"../../../Engine/Content/EditorResources/BSPVertex.uexp" 290
"../../../Engine/Content/EditorResources/EmptyActor.uasset" 291
"../../../Engine/Content/EditorResources/EmptyActor.uexp" 292
"../../../Engine/Content/EditorResources/MatInstActSprite.uasset" 293
"../../../Engine/Content/EditorResources/MatInstActSprite.uexp" 294
"../../../Engine/Content/EditorResources/MatInstActSprite.ubulk" 295
"../../../Engine/Content/EditorResources/SceneManager.uasset" 296
"../../../Engine/Content/EditorResources/SceneManager.uexp" 297
"../../../Engine/Content/EditorResources/SceneManager.ubulk" 298
"../../../Engine/Content/EditorResources/SmallFont.uasset" 299
"../../../Engine/Content/EditorResources/SmallFont.uexp" 300
"../../../Engine/Content/EditorResources/S_Actor.uasset" 301
"../../../Engine/Content/EditorResources/S_Actor.uexp" 302
"../../../Engine/Content/EditorResources/S_Actor.ubulk" 303
"../../../Engine/Content/EditorResources/S_CameraShakeSource.uasset" 304
"../../../Engine/Content/EditorResources/S_CameraShakeSource.uexp" 305
"../../../Engine/Content/EditorResources/S_DecalActorIcon.uasset" 306
"../../../Engine/Content/EditorResources/S_DecalActorIcon.uexp" 307
"../../../Engine/Content/EditorResources/S_DecalActorIcon.ubulk" 308
"../../../Engine/Content/EditorResources/S_Emitter.uasset" 309
"../../../Engine/Content/EditorResources/S_Emitter.uexp" 310
"../../../Engine/Content/EditorResources/S_Emitter.ubulk" 311
"../../../Engine/Content/EditorResources/S_ExpoHeightFog.uasset" 312
"../../../Engine/Content/EditorResources/S_ExpoHeightFog.uexp" 313
"../../../Engine/Content/EditorResources/S_ExpoHeightFog.ubulk" 314
"../../../Engine/Content/EditorResources/S_FTest.uasset" 315
"../../../Engine/Content/EditorResources/S_FTest.uexp" 316
"../../../Engine/Content/EditorResources/S_KBSJoint.uasset" 317
"../../../Engine/Content/EditorResources/S_KBSJoint.uexp" 318
"../../../Engine/Content/EditorResources/S_KBSJoint.ubulk" 319
"../../../Engine/Content/EditorResources/S_KHinge.uasset" 320
"../../../Engine/Content/EditorResources/S_KHinge.uexp" 321
"../../../Engine/Content/EditorResources/S_KHinge.ubulk" 322
"../../../Engine/Content/EditorResources/S_KPrismatic.uasset" 323
"../../../Engine/Content/EditorResources/S_KPrismatic.uexp" 324
"../../../Engine/Content/EditorResources/S_KPrismatic.ubulk" 325
"../../../Engine/Content/EditorResources/S_LevelSequence.uasset" 326
"../../../Engine/Content/EditorResources/S_LevelSequence.uexp" 327
"../../../Engine/Content/EditorResources/S_LevelSequence.ubulk" 328
"../../../Engine/Content/EditorResources/S_NavP.uasset" 329
"../../../Engine/Content/EditorResources/S_NavP.uexp" 330
"../../../Engine/Content/EditorResources/S_NavP.ubulk" 331
"../../../Engine/Content/EditorResources/S_Note.uasset" 332
"../../../Engine/Content/EditorResources/S_Note.uexp" 333
"../../../Engine/Content/EditorResources/S_Note.ubulk" 334
"../../../Engine/Content/EditorResources/S_Player.uasset" 335
"../../../Engine/Content/EditorResources/S_Player.uexp" 336
"../../../Engine/Content/EditorResources/S_Player.ubulk" 337
"../../../Engine/Content/EditorResources/S_PortalActorIcon2.uasset" 338
"../../../Engine/Content/EditorResources/S_PortalActorIcon2.uexp" 339
"../../../Engine/Content/EditorResources/S_PortalActorIcon2.ubulk" 340
"../../../Engine/Content/EditorResources/S_RadForce.uasset" 341
"../../../Engine/Content/EditorResources/S_RadForce.uexp" 342
"../../../Engine/Content/EditorResources/S_RadForce.ubulk" 343
"../../../Engine/Content/EditorResources/S_ReflActorIcon.uasset" 344
"../../../Engine/Content/EditorResources/S_ReflActorIcon.uexp" 345
"../../../Engine/Content/EditorResources/S_ReflActorIcon.ubulk" 346
"../../../Engine/Content/EditorResources/S_SkyAtmosphere.uasset" 347
"../../../Engine/Content/EditorResources/S_SkyAtmosphere.uexp" 348
"../../../Engine/Content/EditorResources/S_SkyAtmosphere.ubulk" 349
"../../../Engine/Content/EditorResources/S_Solver.uasset" 350
"../../../Engine/Content/EditorResources/S_Solver.uexp" 351
"../../../Engine/Content/EditorResources/S_Solver.ubulk" 352
"../../../Engine/Content/EditorResources/S_Terrain.uasset" 353
"../../../Engine/Content/EditorResources/S_Terrain.uexp" 354
"../../../Engine/Content/EditorResources/S_Terrain.ubulk" 355
"../../../Engine/Content/EditorResources/S_TextRenderActorIcon.uasset" 356
"../../../Engine/Content/EditorResources/S_TextRenderActorIcon.uexp" 357
"../../../Engine/Content/EditorResources/S_TextRenderActorIcon.ubulk" 358
"../../../Engine/Content/EditorResources/S_Thruster.uasset" 359
"../../../Engine/Content/EditorResources/S_Thruster.uexp" 360
"../../../Engine/Content/EditorResources/S_Thruster.ubulk" 361
"../../../Engine/Content/EditorResources/S_Trigger.uasset" 362
"../../../Engine/Content/EditorResources/S_Trigger.uexp" 363
"../../../Engine/Content/EditorResources/S_Trigger.ubulk" 364
"../../../Engine/Content/EditorResources/S_VectorFieldVol.uasset" 365
"../../../Engine/Content/EditorResources/S_VectorFieldVol.uexp" 366
"../../../Engine/Content/EditorResources/S_VectorFieldVol.ubulk" 367
"../../../Engine/Content/EditorResources/S_VolumetricCloud.uasset" 368
"../../../Engine/Content/EditorResources/S_VolumetricCloud.uexp" 369
"../../../Engine/Content/EditorResources/S_VolumetricCloud.ubulk" 370
"../../../Engine/Content/EditorResources/S_WindDirectional.uasset" 371
"../../../Engine/Content/EditorResources/S_WindDirectional.uexp" 372
"../../../Engine/Content/EditorResources/S_WindDirectional.ubulk" 373
"../../../Engine/Content/EditorResources/AI/S_NavLink.uasset" 374
"../../../Engine/Content/EditorResources/AI/S_NavLink.uexp" 375
"../../../Engine/Content/EditorResources/LightIcons/SkyLight.uasset" 376
"../../../Engine/Content/EditorResources/LightIcons/SkyLight.uexp" 377
"../../../Engine/Content/EditorResources/LightIcons/S_LightDirectional.uasset" 378
"../../../Engine/Content/EditorResources/LightIcons/S_LightDirectional.uexp" 379
"../../../Engine/Content/EditorResources/LightIcons/S_LightDirectionalMove.uasset" 380
"../../../Engine/Content/EditorResources/LightIcons/S_LightDirectionalMove.uexp" 381
"../../../Engine/Content/EditorResources/LightIcons/S_LightError.uasset" 382
"../../../Engine/Content/EditorResources/LightIcons/S_LightError.uexp" 383
"../../../Engine/Content/EditorResources/LightIcons/S_LightPoint.uasset" 384
"../../../Engine/Content/EditorResources/LightIcons/S_LightPoint.uexp" 385
"../../../Engine/Content/EditorResources/LightIcons/S_LightPointMove.uasset" 386
"../../../Engine/Content/EditorResources/LightIcons/S_LightPointMove.uexp" 387
"../../../Engine/Content/EditorResources/LightIcons/S_LightSpot.uasset" 388
"../../../Engine/Content/EditorResources/LightIcons/S_LightSpot.uexp" 389
"../../../Engine/Content/EditorResources/LightIcons/S_LightSpotMove.uasset" 390
"../../../Engine/Content/EditorResources/LightIcons/S_LightSpotMove.uexp" 391
"../../../Engine/Content/EditorResources/SequenceRecorder/Countdown.uasset" 392
"../../../Engine/Content/EditorResources/SequenceRecorder/Countdown.uexp" 393
"../../../Engine/Content/EditorResources/SequenceRecorder/RecordingIndicator.uasset" 394
"../../../Engine/Content/EditorResources/SequenceRecorder/RecordingIndicator.uexp" 395
"../../../Engine/Content/EditorResources/Spline/T_Loft_Spline.uasset" 396
"../../../Engine/Content/EditorResources/Spline/T_Loft_Spline.uexp" 397
"../../../Engine/Content/EditorSounds/Notifications/CompileSuccess.uasset" 398
"../../../Engine/Content/EditorSounds/Notifications/CompileSuccess.uexp" 399
"../../../Engine/Content/EditorSounds/Notifications/CompileStart_Cue.uasset" 400
"../../../Engine/Content/EditorSounds/Notifications/CompileStart_Cue.uexp" 401
"../../../Engine/Content/EngineDamageTypes/DmgTypeBP_Environmental.uasset" 402
"../../../Engine/Content/EngineDamageTypes/DmgTypeBP_Environmental.uexp" 403
"../../../Engine/Content/EngineDebugMaterials/HeatmapGradient.uasset" 404
"../../../Engine/Content/EngineDebugMaterials/HeatmapGradient.uexp" 405
"../../../Engine/Content/EngineDebugMaterials/HeatmapGradient.ubulk" 406
"../../../Engine/Content/EngineDebugMaterials/BoneWeightMaterial.uasset" 407
"../../../Engine/Content/EngineDebugMaterials/BoneWeightMaterial.uexp" 408
"../../../Engine/Content/EngineDebugMaterials/ClothMaterial.uasset" 409
"../../../Engine/Content/EngineDebugMaterials/ClothMaterial.uexp" 410
"../../../Engine/Content/EngineDebugMaterials/ClothMaterial_WF.uasset" 411
"../../../Engine/Content/EngineDebugMaterials/ClothMaterial_WF.uexp" 412
"../../../Engine/Content/EngineDebugMaterials/DebugEditorMaterial.uasset" 413
"../../../Engine/Content/EngineDebugMaterials/DebugEditorMaterial.uexp" 414
"../../../Engine/Content/EngineDebugMaterials/DebugMeshMaterial.uasset" 415
"../../../Engine/Content/EngineDebugMaterials/DebugMeshMaterial.uexp" 416
"../../../Engine/Content/EngineDebugMaterials/GeomMaterial.uasset" 417
"../../../Engine/Content/EngineDebugMaterials/GeomMaterial.uexp" 418
"../../../Engine/Content/Functions/Engine_MaterialFunctions01/Shading/ConvertFromDiffSpec.uasset" 419
"../../../Engine/Content/Functions/Engine_MaterialFunctions01/Shading/ConvertFromDiffSpec.uexp" 420
"../../../Engine/Content/EngineDebugMaterials/LevelColorationLitMaterial.uasset" 421
"../../../Engine/Content/EngineDebugMaterials/LevelColorationLitMaterial.uexp" 422
"../../../Engine/Content/EngineDebugMaterials/LevelColorationUnlitMaterial.uasset" 423
"../../../Engine/Content/EngineDebugMaterials/LevelColorationUnlitMaterial.uexp" 424
"../../../Engine/Content/EngineMaterials/DefaultWhiteGrid.uasset" 425
"../../../Engine/Content/EngineMaterials/DefaultWhiteGrid.uexp" 426
"../../../Engine/Content/EngineMaterials/DefaultWhiteGrid.ubulk" 427
"../../../Engine/Content/EngineDebugMaterials/MAT_LevelColorationLitLightmapUV.uasset" 428
"../../../Engine/Content/EngineDebugMaterials/MAT_LevelColorationLitLightmapUV.uexp" 429
"../../../Engine/Content/EngineDebugMaterials/M_SimpleUnlitTranslucent.uasset" 430
"../../../Engine/Content/EngineDebugMaterials/M_SimpleUnlitTranslucent.uexp" 431
"../../../Engine/Content/EngineDebugMaterials/VolumeToRender.uasset" 432
"../../../Engine/Content/EngineDebugMaterials/VolumeToRender.uexp" 433
"../../../Engine/Content/Functions/Engine_MaterialFunctions02/Utility/CameraDirectionVector.uasset" 434
"../../../Engine/Content/Functions/Engine_MaterialFunctions02/Utility/CameraDirectionVector.uexp" 435
"../../../Engine/Content/EngineDebugMaterials/M_VolumeRenderSphereTracePP.uasset" 436
"../../../Engine/Content/EngineDebugMaterials/M_VolumeRenderSphereTracePP.uexp" 437
"../../../Engine/Content/EngineMaterials/DefaultWhiteGrid_Low.uasset" 438
"../../../Engine/Content/EngineMaterials/DefaultWhiteGrid_Low.uexp" 439
"../../../Engine/Content/EngineDebugMaterials/PhysicalMaterialMaskMaterial.uasset" 440
"../../../Engine/Content/EngineDebugMaterials/PhysicalMaterialMaskMaterial.uexp" 441
"../../../Engine/Content/EngineDebugMaterials/ShadedLevelColorationLitMaterial.uasset" 442
"../../../Engine/Content/EngineDebugMaterials/ShadedLevelColorationLitMaterial.uexp" 443
"../../../Engine/Content/EngineDebugMaterials/ShadedLevelColorationUnlitMateri.uasset" 444
"../../../Engine/Content/EngineDebugMaterials/ShadedLevelColorationUnlitMateri.uexp" 445
"../../../Engine/Content/EngineDebugMaterials/VertexColorMaterial.uasset" 446
"../../../Engine/Content/EngineDebugMaterials/VertexColorMaterial.uexp" 447
"../../../Engine/Content/EngineDebugMaterials/VertexColorViewMode_AlphaAsColor.uasset" 448
"../../../Engine/Content/EngineDebugMaterials/VertexColorViewMode_AlphaAsColor.uexp" 449
"../../../Engine/Content/EngineDebugMaterials/VertexColorViewMode_BlueOnly.uasset" 450
"../../../Engine/Content/EngineDebugMaterials/VertexColorViewMode_BlueOnly.uexp" 451
"../../../Engine/Content/EngineDebugMaterials/VertexColorViewMode_ColorOnly.uasset" 452
"../../../Engine/Content/EngineDebugMaterials/VertexColorViewMode_ColorOnly.uexp" 453
"../../../Engine/Content/EngineDebugMaterials/VertexColorViewMode_GreenOnly.uasset" 454
"../../../Engine/Content/EngineDebugMaterials/VertexColorViewMode_GreenOnly.uexp" 455
"../../../Engine/Content/EngineDebugMaterials/VertexColorViewMode_RedOnly.uasset" 456
"../../../Engine/Content/EngineDebugMaterials/VertexColorViewMode_RedOnly.uexp" 457
"../../../Engine/Content/EngineDebugMaterials/WireframeMaterial.uasset" 458
"../../../Engine/Content/EngineDebugMaterials/WireframeMaterial.uexp" 459
"../../../Engine/Content/EngineFonts/Faces/RobotoRegular.uasset" 460
"../../../Engine/Content/EngineFonts/Faces/RobotoRegular.uexp" 461
"../../../Engine/Content/EngineFonts/Faces/RobotoRegular.ufont" 462
"../../../Engine/Content/EngineFonts/Faces/RobotoLight.uasset" 463
"../../../Engine/Content/EngineFonts/Faces/RobotoLight.uexp" 464
"../../../Engine/Content/EngineFonts/Faces/RobotoLight.ufont" 465
"../../../Engine/Content/EngineFonts/Faces/RobotoItalic.uasset" 466
"../../../Engine/Content/EngineFonts/Faces/RobotoItalic.uexp" 467
"../../../Engine/Content/EngineFonts/Faces/RobotoItalic.ufont" 468
"../../../Engine/Content/EngineFonts/Faces/RobotoBoldItalic.uasset" 469
"../../../Engine/Content/EngineFonts/Faces/RobotoBoldItalic.uexp" 470
"../../../Engine/Content/EngineFonts/Faces/RobotoBoldItalic.ufont" 471
"../../../Engine/Content/EngineFonts/Faces/RobotoBold.uasset" 472
"../../../Engine/Content/EngineFonts/Faces/RobotoBold.uexp" 473
"../../../Engine/Content/EngineFonts/Faces/RobotoBold.ufont" 474
"../../../Engine/Content/EngineFonts/Faces/DroidSansFallback.uasset" 475
"../../../Engine/Content/EngineFonts/Faces/DroidSansFallback.uexp" 476
"../../../Engine/Content/EngineFonts/Faces/DroidSansFallback.ufont" 477
"../../../Engine/Content/EngineFonts/Roboto.uasset" 478
"../../../Engine/Content/EngineFonts/Roboto.uexp" 479
"../../../Engine/Content/EngineFonts/Faces/RobotoTiny.uasset" 480
"../../../Engine/Content/EngineFonts/Faces/RobotoTiny.uexp" 481
"../../../Engine/Content/EngineFonts/Faces/RobotoTiny.ufont" 482
"../../../Engine/Content/EngineFonts/RobotoTiny.uasset" 483
"../../../Engine/Content/EngineFonts/RobotoTiny.uexp" 484
"../../../Engine/Content/EngineFonts/SmallFont.uasset" 485
"../../../Engine/Content/EngineFonts/SmallFont.uexp" 486
"../../../Engine/Content/EngineFonts/TinyFont.uasset" 487
"../../../Engine/Content/EngineFonts/TinyFont.uexp" 488
"../../../Engine/Content/EngineMaterials/BaseFlattenNormalMap.uasset" 489
"../../../Engine/Content/EngineMaterials/BaseFlattenNormalMap.uexp" 490
"../../../Engine/Content/EngineMaterials/BaseFlattenGrayscaleMap.uasset" 491
"../../../Engine/Content/EngineMaterials/BaseFlattenGrayscaleMap.uexp" 492
"../../../Engine/Content/EngineMaterials/BaseFlattenEmissiveMap.uasset" 493
"../../../Engine/Content/EngineMaterials/BaseFlattenEmissiveMap.uexp" 494
"../../../Engine/Content/EngineMaterials/BaseFlattenDiffuseMap.uasset" 495
"../../../Engine/Content/EngineMaterials/BaseFlattenDiffuseMap.uexp" 496
"../../../Engine/Content/EngineMaterials/BaseFlattenMaterial.uasset" 497
"../../../Engine/Content/EngineMaterials/BaseFlattenMaterial.uexp" 498
"../../../Engine/Content/EngineResources/WhiteSquareTexture.uasset" 499
"../../../Engine/Content/EngineResources/WhiteSquareTexture.uexp" 500
"../../../Engine/Content/EngineMaterials/BlinkingCaret.uasset" 501
"../../../Engine/Content/EngineMaterials/BlinkingCaret.uexp" 502
"../../../Engine/Content/EngineMaterials/BlueNoise.uasset" 503
"../../../Engine/Content/EngineMaterials/BlueNoise.uexp" 504
"../../../Engine/Content/EngineMaterials/DefaultBloomKernel.uasset" 505
"../../../Engine/Content/EngineMaterials/DefaultBloomKernel.uexp" 506
"../../../Engine/Content/EngineMaterials/DefaultBokeh.uasset" 507
"../../../Engine/Content/EngineMaterials/DefaultBokeh.uexp" 508
"../../../Engine/Content/EngineMaterials/DefaultDeferredDecalMaterial.uasset" 509
"../../../Engine/Content/EngineMaterials/DefaultDeferredDecalMaterial.uexp" 510
"../../../Engine/Content/EngineMaterials/DefaultLightFunctionMaterial.uasset" 511
"../../../Engine/Content/EngineMaterials/DefaultLightFunctionMaterial.uexp" 512
"../../../Engine/Content/EngineMaterials/DefaultNormal.uasset" 513
"../../../Engine/Content/EngineMaterials/DefaultNormal.uexp" 514
"../../../Engine/Content/EngineMaterials/DefaultNormal.ubulk" 515
"../../../Engine/Content/EngineMaterials/DefaultPostProcessMaterial.uasset" 516
"../../../Engine/Content/EngineMaterials/DefaultPostProcessMaterial.uexp" 517
"../../../Engine/Content/EngineFonts/RobotoDistanceField.uasset" 518
"../../../Engine/Content/EngineFonts/RobotoDistanceField.uexp" 519
"../../../Engine/Content/EngineMaterials/DefaultTextMaterialOpaque.uasset" 520
"../../../Engine/Content/EngineMaterials/DefaultTextMaterialOpaque.uexp" 521
"../../../Engine/Content/EngineMaterials/EditorBrushMaterial.uasset" 522
"../../../Engine/Content/EngineMaterials/EditorBrushMaterial.uexp" 523
"../../../Engine/Content/EngineMaterials/EmissiveMeshMaterial.uasset" 524
"../../../Engine/Content/EngineMaterials/EmissiveMeshMaterial.uexp" 525
"../../../Engine/Content/EngineMaterials/GizmoMaterial.uasset" 526
"../../../Engine/Content/EngineMaterials/GizmoMaterial.uexp" 527
"../../../Engine/Content/EngineMaterials/Good64x64TilingNoiseHighFreq.uasset" 528
"../../../Engine/Content/EngineMaterials/Good64x64TilingNoiseHighFreq.uexp" 529
"../../../Engine/Content/EngineMaterials/Grid_N.uasset" 530
"../../../Engine/Content/EngineMaterials/Grid_N.uexp" 531
"../../../Engine/Content/EngineMaterials/Grid_N.ubulk" 532
"../../../Engine/Content/EngineMaterials/HighResolutionScreenshotMaskFunction.uasset" 533
"../../../Engine/Content/EngineMaterials/HighResolutionScreenshotMaskFunction.uexp" 534
"../../../Engine/Content/EngineMaterials/HighResScreenshot.uasset" 535
"../../../Engine/Content/EngineMaterials/HighResScreenshot.uexp" 536
"../../../Engine/Content/EngineMaterials/HighResScreenshotCaptureRegion.uasset" 537
"../../../Engine/Content/EngineMaterials/HighResScreenshotCaptureRegion.uexp" 538
"../../../Engine/Content/EngineMaterials/HighResScreenshotMask.uasset" 539
"../../../Engine/Content/EngineMaterials/HighResScreenshotMask.uexp" 540
"../../../Engine/Content/EngineMaterials/LandscapeHolePhysicalMaterial.uasset" 541
"../../../Engine/Content/EngineMaterials/LandscapeHolePhysicalMaterial.uexp" 542
"../../../Engine/Content/EngineMaterials/InvalidLightmapSettings.uasset" 543
"../../../Engine/Content/EngineMaterials/InvalidLightmapSettings.uexp" 544
"../../../Engine/Content/EngineMaterials/InvalidLightmapSettings.ubulk" 545
"../../../Engine/Content/EngineMaterials/M_InvalidLightmapSettings.uasset" 546
"../../../Engine/Content/EngineMaterials/M_InvalidLightmapSettings.uexp" 547
"../../../Engine/Content/EngineMaterials/PaperDiffuse.uasset" 548
"../../../Engine/Content/EngineMaterials/PaperDiffuse.uexp" 549
"../../../Engine/Content/EngineMaterials/PaperNormal.uasset" 550
"../../../Engine/Content/EngineMaterials/PaperNormal.uexp" 551
"../../../Engine/Content/Functions/Engine_MaterialFunctions02/WorldPositionOffset/CameraOffset.uasset" 552
"../../../Engine/Content/Functions/Engine_MaterialFunctions02/WorldPositionOffset/CameraOffset.uexp" 553
"../../../Engine/Content/EngineMaterials/PhAT_JointLimitMaterial.uasset" 554
"../../../Engine/Content/EngineMaterials/PhAT_JointLimitMaterial.uexp" 555
"../../../Engine/Content/EngineMaterials/PhysMat_Rubber.uasset" 556
"../../../Engine/Content/EngineMaterials/PhysMat_Rubber.uexp" 557
"../../../Engine/Content/EngineMaterials/DefaultCalibrationColor.uasset" 558
"../../../Engine/Content/EngineMaterials/DefaultCalibrationColor.uexp" 559
"../../../Engine/Content/EngineMaterials/PPM_DefaultCalibrationColor.uasset" 560
"../../../Engine/Content/EngineMaterials/PPM_DefaultCalibrationColor.uexp" 561
"../../../Engine/Content/EngineMaterials/DefaultCalibrationGrayscale.uasset" 562
"../../../Engine/Content/EngineMaterials/DefaultCalibrationGrayscale.uexp" 563
"../../../Engine/Content/EngineMaterials/PPM_DefaultCalibrationGrayscale.uasset" 564
"../../../Engine/Content/EngineMaterials/PPM_DefaultCalibrationGrayscale.uexp" 565
"../../../Engine/Content/EngineMaterials/PreintegratedSkinBRDF.uasset" 566
"../../../Engine/Content/EngineMaterials/PreintegratedSkinBRDF.uexp" 567
"../../../Engine/Content/EngineMaterials/RemoveSurfaceMaterial.uasset" 568
"../../../Engine/Content/EngineMaterials/RemoveSurfaceMaterial.uexp" 569
"../../../Engine/Content/EngineMaterials/WeightMapPlaceholderTexture.uasset" 570
"../../../Engine/Content/EngineMaterials/WeightMapPlaceholderTexture.uexp" 571
"../../../Engine/Content/Functions/Engine_MaterialFunctions01/ImageAdjustment/sRGBToLinear.uasset" 572
"../../../Engine/Content/Functions/Engine_MaterialFunctions01/ImageAdjustment/sRGBToLinear.uexp" 573
"../../../Engine/Content/Functions/Engine_MaterialFunctions02/Utility/BreakOutFloat3Components.uasset" 574
"../../../Engine/Content/Functions/Engine_MaterialFunctions02/Utility/BreakOutFloat3Components.uexp" 575
"../../../Engine/Content/EngineMaterials/Widget3DCameraPassThrough_Opaque_OneSided.uasset" 576
"../../../Engine/Content/EngineMaterials/Widget3DCameraPassThrough_Opaque_OneSided.uexp" 577
"../../../Engine/Content/EngineMaterials/Widget3DPassThrough.uasset" 578
"../../../Engine/Content/EngineMaterials/Widget3DPassThrough.uexp" 579
"../../../Engine/Content/EngineMaterials/Widget3DPassThrough_Masked.uasset" 580
"../../../Engine/Content/EngineMaterials/Widget3DPassThrough_Masked.uexp" 581
"../../../Engine/Content/EngineMaterials/Widget3DPassThrough_Opaque.uasset" 582
"../../../Engine/Content/EngineMaterials/Widget3DPassThrough_Opaque.uexp" 583
"../../../Engine/Content/EngineMaterials/Widget3DPassThrough_Masked_OneSided.uasset" 584
"../../../Engine/Content/EngineMaterials/Widget3DPassThrough_Masked_OneSided.uexp" 585
"../../../Engine/Content/EngineMaterials/Widget3DPassThrough_Opaque_OneSided.uasset" 586
"../../../Engine/Content/EngineMaterials/Widget3DPassThrough_Opaque_OneSided.uexp" 587
"../../../Engine/Content/EngineMaterials/Widget3DPassThrough_Translucent.uasset" 588
"../../../Engine/Content/EngineMaterials/Widget3DPassThrough_Translucent.uexp" 589
"../../../Engine/Content/EngineMaterials/Widget3DPassThrough_Translucent_OneSided.uasset" 590
"../../../Engine/Content/EngineMaterials/Widget3DPassThrough_Translucent_OneSided.uexp" 591
"../../../Engine/Content/EngineMeshes/Cylinder.uasset" 592
"../../../Engine/Content/EngineMeshes/Cylinder.uexp" 593
"../../../Engine/Content/EngineMeshes/Sphere.uasset" 594
"../../../Engine/Content/EngineMeshes/Sphere.uexp" 595
"../../../Engine/Content/EngineResources/DefaultTexture.uasset" 596
"../../../Engine/Content/EngineResources/DefaultTexture.uexp" 597
"../../../Engine/Content/EngineResources/DefaultTexture.ubulk" 598
"../../../Engine/Content/EngineResources/DefaultTextureCube.uasset" 599
"../../../Engine/Content/EngineResources/DefaultTextureCube.uexp" 600
"../../../Engine/Content/EngineResources/DefaultVolumeTexture2D.uasset" 601
"../../../Engine/Content/EngineResources/DefaultVolumeTexture2D.uexp" 602
"../../../Engine/Content/EngineResources/DefaultVolumeTexture.uasset" 603
"../../../Engine/Content/EngineResources/DefaultVolumeTexture.uexp" 604
"../../../Engine/Content/EngineResources/GradientTexture0.uasset" 605
"../../../Engine/Content/EngineResources/GradientTexture0.uexp" 606
"../../../Engine/Content/EngineResources/StreamingPauseIcon.uasset" 607
"../../../Engine/Content/EngineResources/StreamingPauseIcon.uexp" 608
"../../../Engine/Content/EngineResources/M_StreamingPause.uasset" 609
"../../../Engine/Content/EngineResources/M_StreamingPause.uexp" 610
"../../../Engine/Content/EngineSky/VolumetricClouds/T_NoiseShape64.uasset" 611
"../../../Engine/Content/EngineSky/VolumetricClouds/T_NoiseShape64.uexp" 612
"../../../Engine/Content/EngineSky/VolumetricClouds/T_NoiseShape64.ubulk" 613
"../../../Engine/Content/EngineSky/VolumetricClouds/T_VolumeNoiseShape64.uasset" 614
"../../../Engine/Content/EngineSky/VolumetricClouds/T_VolumeNoiseShape64.uexp" 615
"../../../Engine/Content/EngineSky/VolumetricClouds/T_NoiseErosion.uasset" 616
"../../../Engine/Content/EngineSky/VolumetricClouds/T_NoiseErosion.uexp" 617
"../../../Engine/Content/EngineSky/VolumetricClouds/T_NoiseErosion.ubulk" 618
"../../../Engine/Content/EngineSky/VolumetricClouds/T_VolumeNoiseErosion32.uasset" 619
"../../../Engine/Content/EngineSky/VolumetricClouds/T_VolumeNoiseErosion32.uexp" 620
"../../../Engine/Content/EngineSky/VolumetricClouds/CloudWeatherTexture.uasset" 621
"../../../Engine/Content/EngineSky/VolumetricClouds/CloudWeatherTexture.uexp" 622
"../../../Engine/Content/EngineSky/VolumetricClouds/CloudGradientTexture.uasset" 623
"../../../Engine/Content/EngineSky/VolumetricClouds/CloudGradientTexture.uexp" 624
"../../../Engine/Content/EngineSky/VolumetricClouds/m_SimpleVolumetricCloud.uasset" 625
"../../../Engine/Content/EngineSky/VolumetricClouds/m_SimpleVolumetricCloud.uexp" 626
"../../../Engine/Content/EngineSky/VolumetricClouds/m_SimpleVolumetricCloud_Inst.uasset" 627
"../../../Engine/Content/EngineSky/VolumetricClouds/m_SimpleVolumetricCloud_Inst.uexp" 628
"../../../Engine/Content/EngineSounds/Master.uasset" 629
"../../../Engine/Content/EngineSounds/Master.uexp" 630
"../../../Engine/Content/Functions/Engine_MaterialFunctions01/Shading/PowerToRoughness.uasset" 631
"../../../Engine/Content/Functions/Engine_MaterialFunctions01/Shading/PowerToRoughness.uexp" 632
"../../../Engine/Content/Maps/Templates/Thumbnails/Default.uasset" 633
"../../../Engine/Content/Maps/Templates/Thumbnails/Default.uexp" 634
"../../../Engine/Content/Maps/Templates/Thumbnails/TimeOfDay.uasset" 635
"../../../Engine/Content/Maps/Templates/Thumbnails/TimeOfDay.uexp" 636
"../../../Engine/Content/Maps/Templates/Thumbnails/VR-Basic.uasset" 637
"../../../Engine/Content/Maps/Templates/Thumbnails/VR-Basic.uexp" 638
"../../../Engine/Content/MapTemplates/Sky/DaylightAmbientCubemap.uasset" 639
"../../../Engine/Content/MapTemplates/Sky/DaylightAmbientCubemap.uexp" 640
"../../../Engine/Content/MobileResources/T_MobileControls_texture.uasset" 641
"../../../Engine/Content/MobileResources/T_MobileControls_texture.uexp" 642
"../../../Engine/Content/MobileResources/T_MobileMenu2.uasset" 643
"../../../Engine/Content/MobileResources/T_MobileMenu2.uexp" 644
"../../../Engine/Content/MobileResources/HUD/AnalogHat.uasset" 645
"../../../Engine/Content/MobileResources/HUD/AnalogHat.uexp" 646
"../../../Engine/Content/MobileResources/HUD/VirtualJoystick_Thumb.uasset" 647
"../../../Engine/Content/MobileResources/HUD/VirtualJoystick_Thumb.uexp" 648
"../../../Engine/Content/MobileResources/HUD/VirtualJoystick_Background.uasset" 649
"../../../Engine/Content/MobileResources/HUD/VirtualJoystick_Background.uexp" 650
"../../../Engine/Content/MobileResources/HUD/DefaultVirtualJoysticks.uasset" 651
"../../../Engine/Content/MobileResources/HUD/DefaultVirtualJoysticks.uexp" 652
"../../../Engine/Content/MobileResources/HUD/LeftVirtualJoystickOnly.uasset" 653
"../../../Engine/Content/MobileResources/HUD/LeftVirtualJoystickOnly.uexp" 654
"../../../Engine/Content/MobileResources/HUD/MobileHUDButton1_off.uasset" 655
"../../../Engine/Content/MobileResources/HUD/MobileHUDButton1_off.uexp" 656
"../../../Engine/Content/MobileResources/HUD/MobileHUDButton1_on.uasset" 657
"../../../Engine/Content/MobileResources/HUD/MobileHUDButton1_on.uexp" 658
"../../../Engine/Content/MobileResources/HUD/MobileHUDButton2_off.uasset" 659
"../../../Engine/Content/MobileResources/HUD/MobileHUDButton2_off.uexp" 660
"../../../Engine/Content/MobileResources/HUD/MobileHUDButton2_on.uasset" 661
"../../../Engine/Content/MobileResources/HUD/MobileHUDButton2_on.uexp" 662
"../../../Engine/Content/MobileResources/HUD/MobileHUDButton3.uasset" 663
"../../../Engine/Content/MobileResources/HUD/MobileHUDButton3.uexp" 664
"../../../Engine/Content/MobileResources/HUD/MobileHUDButtonFire.uasset" 665
"../../../Engine/Content/MobileResources/HUD/MobileHUDButtonFire.uexp" 666
"../../../Engine/Content/MobileResources/HUD/MobileHUDDirectionPad.uasset" 667
"../../../Engine/Content/MobileResources/HUD/MobileHUDDirectionPad.uexp" 668
"../../../Engine/Content/MobileResources/HUD/MobileHUDDirectionPad2.uasset" 669
"../../../Engine/Content/MobileResources/HUD/MobileHUDDirectionPad2.uexp" 670
"../../../Engine/Content/MobileResources/HUD/MobileHUDDirectionPad3.uasset" 671
"../../../Engine/Content/MobileResources/HUD/MobileHUDDirectionPad3.uexp" 672
"../../../Engine/Content/MobileResources/HUD/MobileHUDDirectionStick.uasset" 673
"../../../Engine/Content/MobileResources/HUD/MobileHUDDirectionStick.uexp" 674
"../../../Engine/Content/MobileResources/HUD/T_Castle_ThumbstickInner.uasset" 675
"../../../Engine/Content/MobileResources/HUD/T_Castle_ThumbstickInner.uexp" 676
"../../../Engine/Content/MobileResources/HUD/T_Castle_ThumbstickOutter.uasset" 677
"../../../Engine/Content/MobileResources/HUD/T_Castle_ThumbstickOutter.uexp" 678
"../../../Engine/Content/Tutorial/ContentIntroCurve.uasset" 679
"../../../Engine/Content/Tutorial/ContentIntroCurve.uexp" 680
"../../../Engine/Content/Tutorial/Basics/TutorialAssets/icon_tab_Levels_40x.uasset" 681
"../../../Engine/Content/Tutorial/Basics/TutorialAssets/icon_tab_Levels_40x.uexp" 682
"../../../Engine/Content/VREditor/TransformGizmo/TranslucentTransformGizmoMaterial.uasset" 683
"../../../Engine/Content/VREditor/TransformGizmo/TranslucentTransformGizmoMaterial.uexp" 684
"../../../Engine/Content/VREditor/LaserPointer/VR_LaserPower_01.uasset" 685
"../../../Engine/Content/VREditor/LaserPointer/VR_LaserPower_01.uexp" 686
"../../../Engine/Content/VREditor/LaserPointer/VR_LaserPower_01.ubulk" 687
"../../../Engine/Content/VREditor/TransformGizmo/TransformGizmoMaterial.uasset" 688
"../../../Engine/Content/VREditor/TransformGizmo/TransformGizmoMaterial.uexp" 689
"../../../Engine/Content/VREditor/TransformGizmo/BoundingBoxCorner.uasset" 690
"../../../Engine/Content/VREditor/TransformGizmo/BoundingBoxCorner.uexp" 691
"../../../Engine/Content/VREditor/TransformGizmo/BoundingBoxEdge.uasset" 692
"../../../Engine/Content/VREditor/TransformGizmo/BoundingBoxEdge.uexp" 693
"../../../Engine/Content/VREditor/TransformGizmo/PlaneTranslationHandle.uasset" 694
"../../../Engine/Content/VREditor/TransformGizmo/PlaneTranslationHandle.uexp" 695
"../../../Engine/Content/VREditor/TransformGizmo/Xray.uasset" 696
"../../../Engine/Content/VREditor/TransformGizmo/Xray.uexp" 697
"../../../Engine/Content/VREditor/TransformGizmo/Main.uasset" 698
"../../../Engine/Content/VREditor/TransformGizmo/Main.uexp" 699
"../../../Engine/Content/VREditor/TransformGizmo/SM_Sequencer_Key.uasset" 700
"../../../Engine/Content/VREditor/TransformGizmo/SM_Sequencer_Key.uexp" 701
"../../../Engine/Content/VREditor/TransformGizmo/SM_Sequencer_Node.uasset" 702
"../../../Engine/Content/VREditor/TransformGizmo/SM_Sequencer_Node.uexp" 703
"../../../Engine/Plugins/2D/Paper2D/Content/PlaceholderTextures/DummySpriteTexture.uasset" 704
"../../../Engine/Plugins/2D/Paper2D/Content/PlaceholderTextures/DummySpriteTexture.uexp" 705
"../../../Engine/Plugins/2D/Paper2D/Content/PlaceholderTextures/DummySpriteTexture.ubulk" 706
"../../../Engine/Plugins/2D/Paper2D/Content/DummySprite.uasset" 707
"../../../Engine/Plugins/2D/Paper2D/Content/DummySprite.uexp" 708
"../../../Engine/Plugins/2D/Paper2D/Content/DefaultPaperTerrainMaterial.uasset" 709
"../../../Engine/Plugins/2D/Paper2D/Content/DefaultPaperTerrainMaterial.uexp" 710
"../../../Engine/Plugins/2D/Paper2D/Content/DefaultSpriteMaterial.uasset" 711
"../../../Engine/Plugins/2D/Paper2D/Content/DefaultSpriteMaterial.uexp" 712
"../../../Engine/Plugins/2D/Paper2D/Content/MaskedUnlitSpriteMaterial.uasset" 713
"../../../Engine/Plugins/2D/Paper2D/Content/MaskedUnlitSpriteMaterial.uexp" 714
"../../../Engine/Plugins/2D/Paper2D/Content/OpaqueUnlitSpriteMaterial.uasset" 715
"../../../Engine/Plugins/2D/Paper2D/Content/OpaqueUnlitSpriteMaterial.uexp" 716
"C:/Users/Tyus/Documents/GitHub/Code-AI/Unreal Files/Content/Mannequin/Character/Mesh/SK_Mannequin_PhysicsAsset.uasset" 717
"C:/Users/Tyus/Documents/GitHub/Code-AI/Unreal Files/Content/Mannequin/Character/Mesh/SK_Mannequin_PhysicsAsset.uexp" 718
"C:/Users/Tyus/Documents/GitHub/Code-AI/Unreal Files/Content/Mannequin/Character/Textures/T_UE4Logo_N.uasset" 719
"C:/Users/Tyus/Documents/GitHub/Code-AI/Unreal Files/Content/Mannequin/Character/Textures/T_UE4Logo_N.uexp" 720
"C:/Users/Tyus/Documents/GitHub/Code-AI/Unreal Files/Content/Mannequin/Character/Textures/T_UE4Logo_N.ubulk" 721
"C:/Users/Tyus/Documents/GitHub/Code-AI/Unreal Files/Content/Mannequin/Character/Textures/T_UE4Logo_Mask.uasset" 722
"C:/Users/Tyus/Documents/GitHub/Code-AI/Unreal Files/Content/Mannequin/Character/Textures/T_UE4Logo_Mask.uexp" 723
"C:/Users/Tyus/Documents/GitHub/Code-AI/Unreal Files/Content/Mannequin/Character/Textures/T_UE4Logo_Mask.ubulk" 724
"C:/Users/Tyus/Documents/GitHub/Code-AI/Unreal Files/Content/Mannequin/Character/Textures/T_Male_N.uasset" 725
"C:/Users/Tyus/Documents/GitHub/Code-AI/Unreal Files/Content/Mannequin/Character/Textures/T_Male_N.uexp" 726
"C:/Users/Tyus/Documents/GitHub/Code-AI/Unreal Files/Content/Mannequin/Character/Textures/T_Male_N.ubulk" 727
"C:/Users/Tyus/Documents/GitHub/Code-AI/Unreal Files/Content/Mannequin/Character/Textures/T_Male_Mask.uasset" 728
"C:/Users/Tyus/Documents/GitHub/Code-AI/Unreal Files/Content/Mannequin/Character/Textures/T_Male_Mask.uexp" 729
"C:/Users/Tyus/Documents/GitHub/Code-AI/Unreal Files/Content/Mannequin/Character/Textures/T_Male_Mask.ubulk" 730
"C:/Users/Tyus/Documents/GitHub/Code-AI/Unreal Files/Content/Mannequin/Character/Materials/MaterialLayers/T_ML_Rubber_Blue_01_N.uasset" 731
"C:/Users/Tyus/Documents/GitHub/Code-AI/Unreal Files/Content/Mannequin/Character/Materials/MaterialLayers/T_ML_Rubber_Blue_01_N.uexp" 732
"C:/Users/Tyus/Documents/GitHub/Code-AI/Unreal Files/Content/Mannequin/Character/Materials/MaterialLayers/T_ML_Rubber_Blue_01_N.ubulk" 733
"C:/Users/Tyus/Documents/GitHub/Code-AI/Unreal Files/Content/Mannequin/Character/Materials/MaterialLayers/T_ML_Rubber_Blue_01_D.uasset" 734
"C:/Users/Tyus/Documents/GitHub/Code-AI/Unreal Files/Content/Mannequin/Character/Materials/MaterialLayers/T_ML_Rubber_Blue_01_D.uexp" 735
"C:/Users/Tyus/Documents/GitHub/Code-AI/Unreal Files/Content/Mannequin/Character/Materials/MaterialLayers/T_ML_Rubber_Blue_01_D.ubulk" 736
"C:/Users/Tyus/Documents/GitHub/Code-AI/Unreal Files/Content/Mannequin/Character/Materials/MaterialLayers/T_ML_Aluminum01_N.uasset" 737
"C:/Users/Tyus/Documents/GitHub/Code-AI/Unreal Files/Content/Mannequin/Character/Materials/MaterialLayers/T_ML_Aluminum01_N.uexp" 738
"C:/Users/Tyus/Documents/GitHub/Code-AI/Unreal Files/Content/Mannequin/Character/Materials/MaterialLayers/T_ML_Aluminum01_N.ubulk" 739
"C:/Users/Tyus/Documents/GitHub/Code-AI/Unreal Files/Content/Mannequin/Character/Materials/MaterialLayers/T_ML_Aluminum01.uasset" 740
"C:/Users/Tyus/Documents/GitHub/Code-AI/Unreal Files/Content/Mannequin/Character/Materials/MaterialLayers/T_ML_Aluminum01.uexp" 741
"C:/Users/Tyus/Documents/GitHub/Code-AI/Unreal Files/Content/Mannequin/Character/Materials/MaterialLayers/T_ML_Aluminum01.ubulk" 742
"C:/Users/Tyus/Documents/GitHub/Code-AI/Unreal Files/Content/Mannequin/Character/Materials/MaterialLayers/ML_SoftMetal_UE4.uasset" 743
"C:/Users/Tyus/Documents/GitHub/Code-AI/Unreal Files/Content/Mannequin/Character/Materials/MaterialLayers/ML_SoftMetal_UE4.uexp" 744
"C:/Users/Tyus/Documents/GitHub/Code-AI/Unreal Files/Content/Mannequin/Character/Materials/MaterialLayers/ML_Plastic_Shiny_Beige_LOGO.uasset" 745
"C:/Users/Tyus/Documents/GitHub/Code-AI/Unreal Files/Content/Mannequin/Character/Materials/MaterialLayers/ML_Plastic_Shiny_Beige_LOGO.uexp" 746
"C:/Users/Tyus/Documents/GitHub/Code-AI/Unreal Files/Content/Mannequin/Character/Materials/MaterialLayers/ML_Plastic_Shiny_Beige.uasset" 747
"C:/Users/Tyus/Documents/GitHub/Code-AI/Unreal Files/Content/Mannequin/Character/Materials/MaterialLayers/ML_Plastic_Shiny_Beige.uexp" 748
"C:/Users/Tyus/Documents/GitHub/Code-AI/Unreal Files/Content/Mannequin/Character/Materials/MaterialLayers/ML_GlossyBlack_Latex_UE4.uasset" 749
"C:/Users/Tyus/Documents/GitHub/Code-AI/Unreal Files/Content/Mannequin/Character/Materials/MaterialLayers/ML_GlossyBlack_Latex_UE4.uexp" 750
"../../../Engine/Content/Functions/MaterialLayerFunctions/MatLayerBlend_Simple.uasset" 751
"../../../Engine/Content/Functions/MaterialLayerFunctions/MatLayerBlend_Simple.uexp" 752
"../../../Engine/Content/Functions/Engine_MaterialFunctions02/Utility/BlendAngleCorrectedNormals.uasset" 753
"../../../Engine/Content/Functions/Engine_MaterialFunctions02/Utility/BlendAngleCorrectedNormals.uexp" 754
"../../../Engine/Content/Functions/MaterialLayerFunctions/MatLayerBlend_NormalBlend.uasset" 755
"../../../Engine/Content/Functions/MaterialLayerFunctions/MatLayerBlend_NormalBlend.uexp" 756
"C:/Users/Tyus/Documents/GitHub/Code-AI/Unreal Files/Content/Mannequin/Character/Materials/M_Male_Body.uasset" 757
"C:/Users/Tyus/Documents/GitHub/Code-AI/Unreal Files/Content/Mannequin/Character/Materials/M_Male_Body.uexp" 758
"C:/Users/Tyus/Documents/GitHub/Code-AI/Unreal Files/Content/Mannequin/Character/Materials/M_UE4Man_ChestLogo.uasset" 759
"C:/Users/Tyus/Documents/GitHub/Code-AI/Unreal Files/Content/Mannequin/Character/Materials/M_UE4Man_ChestLogo.uexp" 760
"C:/Users/Tyus/Documents/GitHub/Code-AI/Unreal Files/Content/Mannequin/Character/Mesh/UE4_Mannequin_Skeleton.uasset" 761
"C:/Users/Tyus/Documents/GitHub/Code-AI/Unreal Files/Content/Mannequin/Character/Mesh/UE4_Mannequin_Skeleton.uexp" 762
"C:/Users/Tyus/Documents/GitHub/Code-AI/Unreal Files/Content/Mannequin/Character/Mesh/SK_Mannequin.uasset" 763
"C:/Users/Tyus/Documents/GitHub/Code-AI/Unreal Files/Content/Mannequin/Character/Mesh/SK_Mannequin.uexp" 764
"C:/Users/Tyus/Documents/GitHub/Code-AI/Unreal Files/Content/Mannequin/Animations/ThirdPersonWalk.uasset" 765
"C:/Users/Tyus/Documents/GitHub/Code-AI/Unreal Files/Content/Mannequin/Animations/ThirdPersonWalk.uexp" 766
"C:/Users/Tyus/Documents/GitHub/Code-AI/Unreal Files/Content/Mannequin/Animations/ThirdPersonRun.uasset" 767
"C:/Users/Tyus/Documents/GitHub/Code-AI/Unreal Files/Content/Mannequin/Animations/ThirdPersonRun.uexp" 768
"C:/Users/Tyus/Documents/GitHub/Code-AI/Unreal Files/Content/Mannequin/Animations/ThirdPersonIdle.uasset" 769
"C:/Users/Tyus/Documents/GitHub/Code-AI/Unreal Files/Content/Mannequin/Animations/ThirdPersonIdle.uexp" 770
"C:/Users/Tyus/Documents/GitHub/Code-AI/Unreal Files/Content/Mannequin/Animations/ThirdPerson_IdleRun_2D.uasset" 771
"C:/Users/Tyus/Documents/GitHub/Code-AI/Unreal Files/Content/Mannequin/Animations/ThirdPerson_IdleRun_2D.uexp" 772
"C:/Users/Tyus/Documents/GitHub/Code-AI/Unreal Files/Content/Mannequin/Animations/ThirdPerson_Jump.uasset" 773
"C:/Users/Tyus/Documents/GitHub/Code-AI/Unreal Files/Content/Mannequin/Animations/ThirdPerson_Jump.uexp" 774
"C:/Users/Tyus/Documents/GitHub/Code-AI/Unreal Files/Content/Mannequin/Animations/ThirdPersonJump_Start.uasset" 775
"C:/Users/Tyus/Documents/GitHub/Code-AI/Unreal Files/Content/Mannequin/Animations/ThirdPersonJump_Start.uexp" 776
"C:/Users/Tyus/Documents/GitHub/Code-AI/Unreal Files/Content/Mannequin/Animations/ThirdPersonJump_Loop.uasset" 777
"C:/Users/Tyus/Documents/GitHub/Code-AI/Unreal Files/Content/Mannequin/Animations/ThirdPersonJump_Loop.uexp" 778
"../../../Engine/Content/EditorBlueprintResources/StandardMacros.uasset" 779
"../../../Engine/Content/EditorBlueprintResources/StandardMacros.uexp" 780
"C:/Users/Tyus/Documents/GitHub/Code-AI/Unreal Files/Content/Mannequin/Animations/ThirdPerson_AnimBP.uasset" 781
"C:/Users/Tyus/Documents/GitHub/Code-AI/Unreal Files/Content/Mannequin/Animations/ThirdPerson_AnimBP.uexp" 782
"C:/Users/Tyus/Documents/GitHub/Code-AI/Unreal Files/Content/ThirdPersonBP/Blueprints/ThirdPersonCharacter.uasset" 783
"C:/Users/Tyus/Documents/GitHub/Code-AI/Unreal Files/Content/ThirdPersonBP/Blueprints/ThirdPersonCharacter.uexp" 784
"C:/Users/Tyus/Documents/GitHub/Code-AI/Unreal Files/Content/ThirdPersonBP/Blueprints/ThirdPersonGameMode.uasset" 785
"C:/Users/Tyus/Documents/GitHub/Code-AI/Unreal Files/Content/ThirdPersonBP/Blueprints/ThirdPersonGameMode.uexp" 786
"../../../Engine/Content/ArtTools/RenderToTexture/Materials/Debug/M_Emissive_Color.uasset" 787
"../../../Engine/Content/ArtTools/RenderToTexture/Materials/Debug/M_Emissive_Color.uexp" 788
"../../../Engine/Content/BasicShapes/Cylinder.uasset" 789
"../../../Engine/Content/BasicShapes/Cylinder.uexp" 790
"../../../Engine/Plugins/Lumin/MagicLeapPassableWorld/Content/MagicLeapARPinInfoActor.uasset" 791
"../../../Engine/Plugins/Lumin/MagicLeapPassableWorld/Content/MagicLeapARPinInfoActor.uexp" 792
"../../../Engine/Plugins/Editor/SpeedTreeImporter/Content/SpeedTree9/UnpackInteger3.uasset" 793
"../../../Engine/Plugins/Editor/SpeedTreeImporter/Content/SpeedTree9/UnpackInteger3.uexp" 794
"../../../Engine/Plugins/Editor/SpeedTreeImporter/Content/SpeedTree9/UnpackDirection.uasset" 795
"../../../Engine/Plugins/Editor/SpeedTreeImporter/Content/SpeedTree9/UnpackDirection.uexp" 796
"../../../Engine/Plugins/Editor/SpeedTreeImporter/Content/SpeedTree9/game_wind_noise.uasset" 797
"../../../Engine/Plugins/Editor/SpeedTreeImporter/Content/SpeedTree9/game_wind_noise.uexp" 798
"../../../Engine/Plugins/Editor/SpeedTreeImporter/Content/SpeedTree9/game_wind_noise.ubulk" 799
"../../../Engine/Content/Functions/Engine_MaterialFunctions02/SafeNormalize.uasset" 800
"../../../Engine/Content/Functions/Engine_MaterialFunctions02/SafeNormalize.uexp" 801
"../../../Engine/Plugins/Editor/SpeedTreeImporter/Content/SpeedTree9/SpeedTreeWindMotion.uasset" 802
"../../../Engine/Plugins/Editor/SpeedTreeImporter/Content/SpeedTree9/SpeedTreeWindMotion.uexp" 803
"../../../Engine/Plugins/Editor/SpeedTreeImporter/Content/SpeedTree9/SpeedTreeBranchMotion.uasset" 804
"../../../Engine/Plugins/Editor/SpeedTreeImporter/Content/SpeedTree9/SpeedTreeBranchMotion.uexp" 805
"../../../Engine/Content/Functions/Engine_MaterialFunctions02/ObjectLocalBounds.uasset" 806
"../../../Engine/Content/Functions/Engine_MaterialFunctions02/ObjectLocalBounds.uexp" 807
"../../../Engine/Content/Functions/Engine_MaterialFunctions02/UVs/BoundingBoxBased_0-1_UVW.uasset" 808
"../../../Engine/Content/Functions/Engine_MaterialFunctions02/UVs/BoundingBoxBased_0-1_UVW.uexp" 809
"../../../Engine/Content/Functions/Engine_MaterialFunctions02/WorldPositionOffset/ObjectScale.uasset" 810
"../../../Engine/Content/Functions/Engine_MaterialFunctions02/WorldPositionOffset/ObjectScale.uexp" 811
"../../../Engine/Plugins/Editor/SpeedTreeImporter/Content/SpeedTree9/SpeedTreeWind.uasset" 812
"../../../Engine/Plugins/Editor/SpeedTreeImporter/Content/SpeedTree9/SpeedTreeWind.uexp" 813
"../../../Engine/Plugins/Editor/SpeedTreeImporter/Content/SpeedTree9/SpeedTreeBillboard.uasset" 814
"../../../Engine/Plugins/Editor/SpeedTreeImporter/Content/SpeedTree9/SpeedTreeBillboard.uexp" 815
"../../../Engine/Plugins/Editor/SpeedTreeImporter/Content/SpeedTree9/EmptyNormal.uasset" 816
"../../../Engine/Plugins/Editor/SpeedTreeImporter/Content/SpeedTree9/EmptyNormal.uexp" 817
"../../../Engine/Plugins/Editor/SpeedTreeImporter/Content/SpeedTree9/Empty.uasset" 818
"../../../Engine/Plugins/Editor/SpeedTreeImporter/Content/SpeedTree9/Empty.uexp" 819
"../../../Engine/Plugins/Editor/SpeedTreeImporter/Content/SpeedTree9/SpeedTreeBillboardMaster.uasset" 820
"../../../Engine/Plugins/Editor/SpeedTreeImporter/Content/SpeedTree9/SpeedTreeBillboardMaster.uexp" 821
"../../../Engine/Plugins/Editor/SpeedTreeImporter/Content/SpeedTree9/SpeedTreeCameraFacing.uasset" 822
"../../../Engine/Plugins/Editor/SpeedTreeImporter/Content/SpeedTree9/SpeedTreeCameraFacing.uexp" 823
"../../../Engine/Plugins/Editor/SpeedTreeImporter/Content/SpeedTree9/SpeedTreeMaster.uasset" 824
"../../../Engine/Plugins/Editor/SpeedTreeImporter/Content/SpeedTree9/SpeedTreeMaster.uexp" 825
"../../../Engine/Plugins/FX/Niagara/Content/Enums/ENiagaraRandomnessMode.uasset" 826
"../../../Engine/Plugins/FX/Niagara/Content/Enums/ENiagaraRandomnessMode.uexp" 827
"../../../Engine/Plugins/FX/Niagara/Content/Icons/S_ParticleSystem.uasset" 828
"../../../Engine/Plugins/FX/Niagara/Content/Icons/S_ParticleSystem.uexp" 829
"../../../Engine/Plugins/FX/Niagara/Content/Icons/S_ParticleSystem.ubulk" 830
"../../../Engine/Plugins/Runtime/OpenXR/Content/Devices/GoogleDaydream/MRTexture.uasset" 831
"../../../Engine/Plugins/Runtime/OpenXR/Content/Devices/GoogleDaydream/MRTexture.uexp" 832
"../../../Engine/Plugins/Runtime/OpenXR/Content/Devices/GoogleDaydream/MRTexture.ubulk" 833
"../../../Engine/Plugins/Runtime/OpenXR/Content/Devices/GoogleDaydream/BaseTexture.uasset" 834
"../../../Engine/Plugins/Runtime/OpenXR/Content/Devices/GoogleDaydream/BaseTexture.uexp" 835
"../../../Engine/Plugins/Runtime/OpenXR/Content/Devices/GoogleDaydream/BaseTexture.ubulk" 836
"../../../Engine/Content/EngineResources/Black.uasset" 837
"../../../Engine/Content/EngineResources/Black.uexp" 838
"../../../Engine/Plugins/Runtime/OpenXR/Content/Devices/M_XRController.uasset" 839
"../../../Engine/Plugins/Runtime/OpenXR/Content/Devices/M_XRController.uexp" 840
"../../../Engine/Plugins/Runtime/OpenXR/Content/Devices/GoogleDaydream/MI_GoogleDaydream.uasset" 841
"../../../Engine/Plugins/Runtime/OpenXR/Content/Devices/GoogleDaydream/MI_GoogleDaydream.uexp" 842
"../../../Engine/Plugins/Runtime/OpenXR/Content/Devices/GoogleDaydream/GoogleDaydreamController.uasset" 843
"../../../Engine/Plugins/Runtime/OpenXR/Content/Devices/GoogleDaydream/GoogleDaydreamController.uexp" 844
"../../../Engine/Plugins/Runtime/OpenXR/Content/Devices/HTCVive/BaseTexture.uasset" 845
"../../../Engine/Plugins/Runtime/OpenXR/Content/Devices/HTCVive/BaseTexture.uexp" 846
"../../../Engine/Plugins/Runtime/OpenXR/Content/Devices/HTCVive/BaseTexture.ubulk" 847
"../../../Engine/Plugins/Runtime/OpenXR/Content/Devices/HTCVive/MI_HTCVive.uasset" 848
"../../../Engine/Plugins/Runtime/OpenXR/Content/Devices/HTCVive/MI_HTCVive.uexp" 849
"../../../Engine/Plugins/Runtime/OpenXR/Content/Devices/HTCVive/HTCViveController.uasset" 850
"../../../Engine/Plugins/Runtime/OpenXR/Content/Devices/HTCVive/HTCViveController.uexp" 851
"../../../Engine/Plugins/Runtime/OpenXR/Content/Devices/MicrosoftMixedReality/NormalTexture.uasset" 852
"../../../Engine/Plugins/Runtime/OpenXR/Content/Devices/MicrosoftMixedReality/NormalTexture.uexp" 853
"../../../Engine/Plugins/Runtime/OpenXR/Content/Devices/MicrosoftMixedReality/NormalTexture.ubulk" 854
"../../../Engine/Plugins/Runtime/OpenXR/Content/Devices/MicrosoftMixedReality/MRTexture.uasset" 855
"../../../Engine/Plugins/Runtime/OpenXR/Content/Devices/MicrosoftMixedReality/MRTexture.uexp" 856
"../../../Engine/Plugins/Runtime/OpenXR/Content/Devices/MicrosoftMixedReality/MRTexture.ubulk" 857
"../../../Engine/Plugins/Runtime/OpenXR/Content/Devices/MicrosoftMixedReality/EmissiveTexture.uasset" 858
"../../../Engine/Plugins/Runtime/OpenXR/Content/Devices/MicrosoftMixedReality/EmissiveTexture.uexp" 859
"../../../Engine/Plugins/Runtime/OpenXR/Content/Devices/MicrosoftMixedReality/EmissiveTexture.ubulk" 860
"../../../Engine/Plugins/Runtime/OpenXR/Content/Devices/MicrosoftMixedReality/BaseTexture.uasset" 861
"../../../Engine/Plugins/Runtime/OpenXR/Content/Devices/MicrosoftMixedReality/BaseTexture.uexp" 862
"../../../Engine/Plugins/Runtime/OpenXR/Content/Devices/MicrosoftMixedReality/BaseTexture.ubulk" 863
"../../../Engine/Plugins/Runtime/OpenXR/Content/Devices/MicrosoftMixedReality/MI_MicrosoftMixedReality.uasset" 864
"../../../Engine/Plugins/Runtime/OpenXR/Content/Devices/MicrosoftMixedReality/MI_MicrosoftMixedReality.uexp" 865
"../../../Engine/Plugins/Runtime/OpenXR/Content/Devices/MicrosoftMixedReality/Left/left_MicrosoftMixedRealityController.uasset" 866
"../../../Engine/Plugins/Runtime/OpenXR/Content/Devices/MicrosoftMixedReality/Left/left_MicrosoftMixedRealityController.uexp" 867
"../../../Engine/Plugins/Runtime/OpenXR/Content/Devices/MicrosoftMixedReality/Right/right_MicrosoftMixedRealityController.uasset" 868
"../../../Engine/Plugins/Runtime/OpenXR/Content/Devices/MicrosoftMixedReality/Right/right_MicrosoftMixedRealityController.uexp" 869
"../../../Engine/Plugins/Runtime/OpenXR/Content/Devices/OculusGo/BaseTexture.uasset" 870
"../../../Engine/Plugins/Runtime/OpenXR/Content/Devices/OculusGo/BaseTexture.uexp" 871
"../../../Engine/Plugins/Runtime/OpenXR/Content/Devices/OculusGo/BaseTexture.ubulk" 872
"../../../Engine/Plugins/Runtime/OpenXR/Content/Devices/OculusGo/MI_OculusGo.uasset" 873
"../../../Engine/Plugins/Runtime/OpenXR/Content/Devices/OculusGo/MI_OculusGo.uexp" 874
"../../../Engine/Plugins/Runtime/OpenXR/Content/Devices/OculusGo/OculusGoController.uasset" 875
"../../../Engine/Plugins/Runtime/OpenXR/Content/Devices/OculusGo/OculusGoController.uexp" 876
"../../../Engine/Plugins/Runtime/OpenXR/Content/Devices/OculusTouch/MRTexture.uasset" 877
"../../../Engine/Plugins/Runtime/OpenXR/Content/Devices/OculusTouch/MRTexture.uexp" 878
"../../../Engine/Plugins/Runtime/OpenXR/Content/Devices/OculusTouch/MRTexture.ubulk" 879
"../../../Engine/Plugins/Runtime/OpenXR/Content/Devices/OculusTouch/BaseTexture.uasset" 880
"../../../Engine/Plugins/Runtime/OpenXR/Content/Devices/OculusTouch/BaseTexture.uexp" 881
"../../../Engine/Plugins/Runtime/OpenXR/Content/Devices/OculusTouch/BaseTexture.ubulk" 882
"../../../Engine/Plugins/Runtime/OpenXR/Content/Devices/OculusTouch/MI_OculusTouch.uasset" 883
"../../../Engine/Plugins/Runtime/OpenXR/Content/Devices/OculusTouch/MI_OculusTouch.uexp" 884
"../../../Engine/Plugins/Runtime/OpenXR/Content/Devices/OculusTouch/Left/left_OculusTouchController.uasset" 885
"../../../Engine/Plugins/Runtime/OpenXR/Content/Devices/OculusTouch/Left/left_OculusTouchController.uexp" 886
"../../../Engine/Plugins/Runtime/OpenXR/Content/Devices/OculusTouch/Right/right_OculusTouchController.uasset" 887
"../../../Engine/Plugins/Runtime/OpenXR/Content/Devices/OculusTouch/Right/right_OculusTouchController.uexp" 888
"../../../Engine/Plugins/Runtime/OpenXR/Content/Devices/OculusTouch_v2/MRTexture.uasset" 889
"../../../Engine/Plugins/Runtime/OpenXR/Content/Devices/OculusTouch_v2/MRTexture.uexp" 890
"../../../Engine/Plugins/Runtime/OpenXR/Content/Devices/OculusTouch_v2/MRTexture.ubulk" 891
"../../../Engine/Plugins/Runtime/OpenXR/Content/Devices/OculusTouch_v2/BaseTexture.uasset" 892
"../../../Engine/Plugins/Runtime/OpenXR/Content/Devices/OculusTouch_v2/BaseTexture.uexp" 893
"../../../Engine/Plugins/Runtime/OpenXR/Content/Devices/OculusTouch_v2/BaseTexture.ubulk" 894
"../../../Engine/Plugins/Runtime/OpenXR/Content/Devices/OculusTouch_v2/MI_OculusTouch_v2.uasset" 895
"../../../Engine/Plugins/Runtime/OpenXR/Content/Devices/OculusTouch_v2/MI_OculusTouch_v2.uexp" 896
"../../../Engine/Plugins/Runtime/OpenXR/Content/Devices/OculusTouch_v2/Left/left_OculusTouch_v2Controller.uasset" 897
"../../../Engine/Plugins/Runtime/OpenXR/Content/Devices/OculusTouch_v2/Left/left_OculusTouch_v2Controller.uexp" 898
"../../../Engine/Plugins/Runtime/OpenXR/Content/Devices/OculusTouch_v2/Right/right_OculusTouch_v2Controller.uasset" 899
"../../../Engine/Plugins/Runtime/OpenXR/Content/Devices/OculusTouch_v2/Right/right_OculusTouch_v2Controller.uexp" 900
"../../../Engine/Plugins/Runtime/OpenXR/Content/Devices/OculusTouch_v3/MRTexture.uasset" 901
"../../../Engine/Plugins/Runtime/OpenXR/Content/Devices/OculusTouch_v3/MRTexture.uexp" 902
"../../../Engine/Plugins/Runtime/OpenXR/Content/Devices/OculusTouch_v3/MRTexture.ubulk" 903
"../../../Engine/Plugins/Runtime/OpenXR/Content/Devices/OculusTouch_v3/BaseTexture.uasset" 904
"../../../Engine/Plugins/Runtime/OpenXR/Content/Devices/OculusTouch_v3/BaseTexture.uexp" 905
"../../../Engine/Plugins/Runtime/OpenXR/Content/Devices/OculusTouch_v3/BaseTexture.ubulk" 906
"../../../Engine/Plugins/Runtime/OpenXR/Content/Devices/OculusTouch_v3/MI_OculusTouch_v3.uasset" 907
"../../../Engine/Plugins/Runtime/OpenXR/Content/Devices/OculusTouch_v3/MI_OculusTouch_v3.uexp" 908
"../../../Engine/Plugins/Runtime/OpenXR/Content/Devices/OculusTouch_v3/Left/left_OculusTouch_v3Controller.uasset" 909
"../../../Engine/Plugins/Runtime/OpenXR/Content/Devices/OculusTouch_v3/Left/left_OculusTouch_v3Controller.uexp" 910
"../../../Engine/Plugins/Runtime/OpenXR/Content/Devices/OculusTouch_v3/Right/right_OculusTouch_v3Controller.uasset" 911
"../../../Engine/Plugins/Runtime/OpenXR/Content/Devices/OculusTouch_v3/Right/right_OculusTouch_v3Controller.uexp" 912
"../../../Engine/Plugins/Runtime/OpenXR/Content/Devices/ValveIndex/MRTexture.uasset" 913
"../../../Engine/Plugins/Runtime/OpenXR/Content/Devices/ValveIndex/MRTexture.uexp" 914
"../../../Engine/Plugins/Runtime/OpenXR/Content/Devices/ValveIndex/MRTexture.ubulk" 915
"../../../Engine/Plugins/Runtime/OpenXR/Content/Devices/ValveIndex/BaseTexture.uasset" 916
"../../../Engine/Plugins/Runtime/OpenXR/Content/Devices/ValveIndex/BaseTexture.uexp" 917
"../../../Engine/Plugins/Runtime/OpenXR/Content/Devices/ValveIndex/BaseTexture.ubulk" 918
"../../../Engine/Plugins/Runtime/OpenXR/Content/Devices/ValveIndex/Left/MI_left_ValveIndex.uasset" 919
"../../../Engine/Plugins/Runtime/OpenXR/Content/Devices/ValveIndex/Left/MI_left_ValveIndex.uexp" 920
"../../../Engine/Plugins/Runtime/OpenXR/Content/Devices/ValveIndex/Left/left_ValveIndexController.uasset" 921
"../../../Engine/Plugins/Runtime/OpenXR/Content/Devices/ValveIndex/Left/left_ValveIndexController.uexp" 922
"../../../Engine/Plugins/Runtime/OpenXR/Content/Devices/ValveIndex/Right/MI_right_ValveIndex.uasset" 923
"../../../Engine/Plugins/Runtime/OpenXR/Content/Devices/ValveIndex/Right/MI_right_ValveIndex.uexp" 924
"../../../Engine/Plugins/Runtime/OpenXR/Content/Devices/ValveIndex/Right/right_ValveIndexController.uasset" 925
"../../../Engine/Plugins/Runtime/OpenXR/Content/Devices/ValveIndex/Right/right_ValveIndexController.uexp" 926
"../../../Engine/Content/Functions/Engine_MaterialFunctions02/Utility/BreakOutFloat4Components.uasset" 927
"../../../Engine/Content/Functions/Engine_MaterialFunctions02/Utility/BreakOutFloat4Components.uexp" 928
"../../../Engine/Plugins/Runtime/Oculus/OculusVR/Content/Materials/OculusMR_ChromaKey.uasset" 929
"../../../Engine/Plugins/Runtime/Oculus/OculusVR/Content/Materials/OculusMR_ChromaKey.uexp" 930
"../../../Engine/Plugins/Runtime/Oculus/OculusVR/Content/Materials/OculusMR_OpaqueColoredMaterial.uasset" 931
"../../../Engine/Plugins/Runtime/Oculus/OculusVR/Content/Materials/OculusMR_OpaqueColoredMaterial.uexp" 932
"../../../Engine/Plugins/Runtime/Oculus/OculusVR/Content/Materials/PokeAHoleMaterial.uasset" 933
"../../../Engine/Plugins/Runtime/Oculus/OculusVR/Content/Materials/PokeAHoleMaterial.uexp" 934
"../../../Engine/Plugins/Runtime/Oculus/OculusVR/Content/Textures/touchController_controlmap.uasset" 935
"../../../Engine/Plugins/Runtime/Oculus/OculusVR/Content/Textures/touchController_controlmap.uexp" 936
"../../../Engine/Plugins/Runtime/Oculus/OculusVR/Content/Textures/touchController_controlmap.ubulk" 937
"../../../Engine/Plugins/Runtime/Oculus/OculusVR/Content/Textures/touchController_albedo.uasset" 938
"../../../Engine/Plugins/Runtime/Oculus/OculusVR/Content/Textures/touchController_albedo.uexp" 939
"../../../Engine/Plugins/Runtime/Oculus/OculusVR/Content/Textures/touchController_albedo.ubulk" 940
"../../../Engine/Plugins/Runtime/Oculus/OculusVR/Content/Materials/touchController_mat.uasset" 941
"../../../Engine/Plugins/Runtime/Oculus/OculusVR/Content/Materials/touchController_mat.uexp" 942
"../../../Engine/Plugins/Runtime/Oculus/OculusVR/Content/Meshes/LeftTouchController.uasset" 943
"../../../Engine/Plugins/Runtime/Oculus/OculusVR/Content/Meshes/LeftTouchController.uexp" 944
"../../../Engine/Plugins/Runtime/Oculus/OculusVR/Content/Textures/TouchForQuestRiftSController_albedo.uasset" 945
"../../../Engine/Plugins/Runtime/Oculus/OculusVR/Content/Textures/TouchForQuestRiftSController_albedo.uexp" 946
"../../../Engine/Plugins/Runtime/Oculus/OculusVR/Content/Textures/TouchForQuestRiftSController_albedo.ubulk" 947
"../../../Engine/Plugins/Runtime/Oculus/OculusVR/Content/Materials/TouchForQuestRiftSControllerMaterial.uasset" 948
"../../../Engine/Plugins/Runtime/Oculus/OculusVR/Content/Materials/TouchForQuestRiftSControllerMaterial.uexp" 949
"../../../Engine/Plugins/Runtime/Oculus/OculusVR/Content/Meshes/LeftTouchForQuestRiftSController.uasset" 950
"../../../Engine/Plugins/Runtime/Oculus/OculusVR/Content/Meshes/LeftTouchForQuestRiftSController.uexp" 951
"../../../Engine/Plugins/Runtime/Oculus/OculusVR/Content/Meshes/RiftHMD.uasset" 952
"../../../Engine/Plugins/Runtime/Oculus/OculusVR/Content/Meshes/RiftHMD.uexp" 953
"../../../Engine/Plugins/Runtime/Oculus/OculusVR/Content/Meshes/RightTouchController.uasset" 954
"../../../Engine/Plugins/Runtime/Oculus/OculusVR/Content/Meshes/RightTouchController.uexp" 955
"../../../Engine/Plugins/Runtime/Oculus/OculusVR/Content/Meshes/RightTouchForQuestRiftSController.uasset" 956
"../../../Engine/Plugins/Runtime/Oculus/OculusVR/Content/Meshes/RightTouchForQuestRiftSController.uexp" 957
"../../../Engine/Content/Maps/Entry_BuiltData.uasset" 958
"../../../Engine/Content/Maps/Entry_BuiltData.uexp" 959
"../../../Engine/Content/Maps/Entry.uexp" 960
"../../../Engine/Content/Maps/Entry.umap" 961
"C:/Users/Tyus/Documents/GitHub/Code-AI/Unreal Files/Content/Interfaces/SaveLoadIcons/SaveLoadScreen.uasset" 962
"C:/Users/Tyus/Documents/GitHub/Code-AI/Unreal Files/Content/Interfaces/SaveLoadIcons/SaveLoadScreen.uexp" 963
"C:/Users/Tyus/Documents/GitHub/Code-AI/Unreal Files/Content/Interfaces/SaveLoadIcons/SaveLoadScreen_Video.uasset" 964
"C:/Users/Tyus/Documents/GitHub/Code-AI/Unreal Files/Content/Interfaces/SaveLoadIcons/SaveLoadScreen_Video.uexp" 965
"C:/Users/Tyus/Documents/GitHub/Code-AI/Unreal Files/Content/Interfaces/SaveLoadIcons/SaveScreen_Video_Mat.uasset" 966
"C:/Users/Tyus/Documents/GitHub/Code-AI/Unreal Files/Content/Interfaces/SaveLoadIcons/SaveScreen_Video_Mat.uexp" 967
"C:/Users/Tyus/Documents/GitHub/Code-AI/Unreal Files/Content/Interfaces/SaveLoadIcons/SaveLoadUI.uasset" 968
"C:/Users/Tyus/Documents/GitHub/Code-AI/Unreal Files/Content/Interfaces/SaveLoadIcons/SaveLoadUI.uexp" 969
"C:/Users/Tyus/Documents/GitHub/Code-AI/Unreal Files/Content/Tutorial_Level_BuiltData.uasset" 970
"C:/Users/Tyus/Documents/GitHub/Code-AI/Unreal Files/Content/Tutorial_Level_BuiltData.uexp" 971
"C:/Users/Tyus/Documents/GitHub/Code-AI/Unreal Files/Content/Tutorial_Level_BuiltData.ubulk" 972
"C:/Users/Tyus/Documents/GitHub/Code-AI/Unreal Files/Content/Interfaces/StartScreenIcons/StartScreen.uasset" 973
"C:/Users/Tyus/Documents/GitHub/Code-AI/Unreal Files/Content/Interfaces/StartScreenIcons/StartScreen.uexp" 974
"C:/Users/Tyus/Documents/GitHub/Code-AI/Unreal Files/Content/Interfaces/StartScreenIcons/StartScreen_Video.uasset" 975
"C:/Users/Tyus/Documents/GitHub/Code-AI/Unreal Files/Content/Interfaces/StartScreenIcons/StartScreen_Video.uexp" 976
"C:/Users/Tyus/Documents/GitHub/Code-AI/Unreal Files/Content/Interfaces/StartScreenIcons/StartScreen_Video_Mat.uasset" 977
"C:/Users/Tyus/Documents/GitHub/Code-AI/Unreal Files/Content/Interfaces/StartScreenIcons/StartScreen_Video_Mat.uexp" 978
"C:/Users/Tyus/Documents/GitHub/Code-AI/Unreal Files/Content/Interfaces/StartScreenIcons/Press_Any_Button.uasset" 979
"C:/Users/Tyus/Documents/GitHub/Code-AI/Unreal Files/Content/Interfaces/StartScreenIcons/Press_Any_Button.uexp" 980
"C:/Users/Tyus/Documents/GitHub/Code-AI/Unreal Files/Content/Interfaces/StartScreenIcons/Play_Button.uasset" 981
"C:/Users/Tyus/Documents/GitHub/Code-AI/Unreal Files/Content/Interfaces/StartScreenIcons/Play_Button.uexp" 982
"C:/Users/Tyus/Documents/GitHub/Code-AI/Unreal Files/Content/Sounds/442161__steaq__enter-button-low-robotic.uasset" 983
"C:/Users/Tyus/Documents/GitHub/Code-AI/Unreal Files/Content/Sounds/442161__steaq__enter-button-low-robotic.uexp" 984
"C:/Users/Tyus/Documents/GitHub/Code-AI/Unreal Files/Content/Interfaces/OptionsMenu/Back_Button.uasset" 985
"C:/Users/Tyus/Documents/GitHub/Code-AI/Unreal Files/Content/Interfaces/OptionsMenu/Back_Button.uexp" 986
"C:/Users/Tyus/Documents/GitHub/Code-AI/Unreal Files/Content/Interfaces/OptionsMenu/CODE_AI_Options_Menu_Pic.uasset" 987
"C:/Users/Tyus/Documents/GitHub/Code-AI/Unreal Files/Content/Interfaces/OptionsMenu/CODE_AI_Options_Menu_Pic.uexp" 988
"C:/Users/Tyus/Documents/GitHub/Code-AI/Unreal Files/Content/Interfaces/GameOptionsIcons/GameOptionsScreen.uasset" 989
"C:/Users/Tyus/Documents/GitHub/Code-AI/Unreal Files/Content/Interfaces/GameOptionsIcons/GameOptionsScreen.uexp" 990
"C:/Users/Tyus/Documents/GitHub/Code-AI/Unreal Files/Content/Interfaces/OptionsMenu/Game_Select_Options_Label.uasset" 991
"C:/Users/Tyus/Documents/GitHub/Code-AI/Unreal Files/Content/Interfaces/OptionsMenu/Game_Select_Options_Label.uexp" 992
"C:/Users/Tyus/Documents/GitHub/Code-AI/Unreal Files/Content/Interfaces/OptionsMenu/Game_Options_Menu_Label.uasset" 993
"C:/Users/Tyus/Documents/GitHub/Code-AI/Unreal Files/Content/Interfaces/OptionsMenu/Game_Options_Menu_Label.uexp" 994
"C:/Users/Tyus/Documents/GitHub/Code-AI/Unreal Files/Content/Interfaces/OptionsMenu/FullOptionsMenu.uasset" 995
"C:/Users/Tyus/Documents/GitHub/Code-AI/Unreal Files/Content/Interfaces/OptionsMenu/FullOptionsMenu.uexp" 996
"C:/Users/Tyus/Documents/GitHub/Code-AI/Unreal Files/Content/Interfaces/OptionsMenu/FullOptionsMenu_Video.uasset" 997
"C:/Users/Tyus/Documents/GitHub/Code-AI/Unreal Files/Content/Interfaces/OptionsMenu/FullOptionsMenu_Video.uexp" 998
"C:/Users/Tyus/Documents/GitHub/Code-AI/Unreal Files/Content/Interfaces/OptionsMenu/FullOptionsMenu_Video_Mat.uasset" 999
"C:/Users/Tyus/Documents/GitHub/Code-AI/Unreal Files/Content/Interfaces/OptionsMenu/FullOptionsMenu_Video_Mat.uexp" 1000
"C:/Users/Tyus/Documents/GitHub/Code-AI/Unreal Files/Content/Interfaces/OptionsMenu/Controls_Select_Options_Label.uasset" 1001
"C:/Users/Tyus/Documents/GitHub/Code-AI/Unreal Files/Content/Interfaces/OptionsMenu/Controls_Select_Options_Label.uexp" 1002
"C:/Users/Tyus/Documents/GitHub/Code-AI/Unreal Files/Content/Interfaces/OptionsMenu/Audio_Select_Options_Label.uasset" 1003
"C:/Users/Tyus/Documents/GitHub/Code-AI/Unreal Files/Content/Interfaces/OptionsMenu/Audio_Select_Options_Label.uexp" 1004
"C:/Users/Tyus/Documents/GitHub/Code-AI/Unreal Files/Content/Interfaces/ControlOptionsIcons/ControlOptions.uasset" 1005
"C:/Users/Tyus/Documents/GitHub/Code-AI/Unreal Files/Content/Interfaces/ControlOptionsIcons/ControlOptions.uexp" 1006
"C:/Users/Tyus/Documents/GitHub/Code-AI/Unreal Files/Content/Interfaces/OptionsMenu/OptionsMenu.uasset" 1007
"C:/Users/Tyus/Documents/GitHub/Code-AI/Unreal Files/Content/Interfaces/OptionsMenu/OptionsMenu.uexp" 1008
"C:/Users/Tyus/Documents/GitHub/Code-AI/Unreal Files/Content/Interfaces/MainMenuIcons/Options_Game_Button.uasset" 1009
"C:/Users/Tyus/Documents/GitHub/Code-AI/Unreal Files/Content/Interfaces/MainMenuIcons/Options_Game_Button.uexp" 1010
"C:/Users/Tyus/Documents/GitHub/Code-AI/Unreal Files/Content/Interfaces/MainMenuIcons/New_Game_Button.uasset" 1011
"C:/Users/Tyus/Documents/GitHub/Code-AI/Unreal Files/Content/Interfaces/MainMenuIcons/New_Game_Button.uexp" 1012
"C:/Users/Tyus/Documents/GitHub/Code-AI/Unreal Files/Content/Interfaces/MainMenuIcons/MainMenu.uasset" 1013
"C:/Users/Tyus/Documents/GitHub/Code-AI/Unreal Files/Content/Interfaces/MainMenuIcons/MainMenu.uexp" 1014
"C:/Users/Tyus/Documents/GitHub/Code-AI/Unreal Files/Content/Interfaces/MainMenuIcons/MainMenu_Video.uasset" 1015
"C:/Users/Tyus/Documents/GitHub/Code-AI/Unreal Files/Content/Interfaces/MainMenuIcons/MainMenu_Video.uexp" 1016
"C:/Users/Tyus/Documents/GitHub/Code-AI/Unreal Files/Content/Interfaces/MainMenuIcons/MainMenu_Video_Mat.uasset" 1017
"C:/Users/Tyus/Documents/GitHub/Code-AI/Unreal Files/Content/Interfaces/MainMenuIcons/MainMenu_Video_Mat.uexp" 1018
"C:/Users/Tyus/Documents/GitHub/Code-AI/Unreal Files/Content/Interfaces/MainMenuIcons/Load_Game_Button.uasset" 1019
"C:/Users/Tyus/Documents/GitHub/Code-AI/Unreal Files/Content/Interfaces/MainMenuIcons/Load_Game_Button.uexp" 1020
"C:/Users/Tyus/Documents/GitHub/Code-AI/Unreal Files/Content/Interfaces/MainMenuIcons/Game_Title.uasset" 1021
"C:/Users/Tyus/Documents/GitHub/Code-AI/Unreal Files/Content/Interfaces/MainMenuIcons/Game_Title.uexp" 1022
"C:/Users/Tyus/Documents/GitHub/Code-AI/Unreal Files/Content/Interfaces/MainMenuIcons/Exit_Button.uasset" 1023
"C:/Users/Tyus/Documents/GitHub/Code-AI/Unreal Files/Content/Interfaces/MainMenuIcons/Exit_Button.uexp" 1024
"C:/Users/Tyus/Documents/GitHub/Code-AI/Unreal Files/Content/Interfaces/MainMenuIcons/MainMenuScreen.uasset" 1025
"C:/Users/Tyus/Documents/GitHub/Code-AI/Unreal Files/Content/Interfaces/MainMenuIcons/MainMenuScreen.uexp" 1026
"C:/Users/Tyus/Documents/GitHub/Code-AI/Unreal Files/Content/Interfaces/StartScreenIcons/StartGameScreen.uasset" 1027
"C:/Users/Tyus/Documents/GitHub/Code-AI/Unreal Files/Content/Interfaces/StartScreenIcons/StartGameScreen.uexp" 1028
"C:/Users/Tyus/Documents/GitHub/Code-AI/Unreal Files/Content/ThirdPersonBP/Blueprints/CodeAIHUD.uasset" 1029
"C:/Users/Tyus/Documents/GitHub/Code-AI/Unreal Files/Content/ThirdPersonBP/Blueprints/CodeAIHUD.uexp" 1030
"C:/Users/Tyus/Documents/GitHub/Code-AI/Unreal Files/Content/ThirdPersonBP/Blueprints/ThirdPersonInterfaceMode.uasset" 1031
"C:/Users/Tyus/Documents/GitHub/Code-AI/Unreal Files/Content/ThirdPersonBP/Blueprints/ThirdPersonInterfaceMode.uexp" 1032
"C:/Users/Tyus/Documents/GitHub/Code-AI/Unreal Files/Content/StarterContent/Materials/M_Basic_Wall.uasset" 1033
"C:/Users/Tyus/Documents/GitHub/Code-AI/Unreal Files/Content/StarterContent/Materials/M_Basic_Wall.uexp" 1034
"C:/Users/Tyus/Documents/GitHub/Code-AI/Unreal Files/Content/StarterContent/Architecture/Wall_Door_400x400.uasset" 1035
"C:/Users/Tyus/Documents/GitHub/Code-AI/Unreal Files/Content/StarterContent/Architecture/Wall_Door_400x400.uexp" 1036
"C:/Users/Tyus/Documents/GitHub/Code-AI/Unreal Files/Content/StarterContent/Architecture/Wall_400x400.uasset" 1037
"C:/Users/Tyus/Documents/GitHub/Code-AI/Unreal Files/Content/StarterContent/Architecture/Wall_400x400.uexp" 1038
"C:/Users/Tyus/Documents/GitHub/Code-AI/Unreal Files/Content/StarterContent/Materials/M_AssetPlatform.uasset" 1039
"C:/Users/Tyus/Documents/GitHub/Code-AI/Unreal Files/Content/StarterContent/Materials/M_AssetPlatform.uexp" 1040
"C:/Users/Tyus/Documents/GitHub/Code-AI/Unreal Files/Content/StarterContent/Architecture/SM_AssetPlatform.uasset" 1041
"C:/Users/Tyus/Documents/GitHub/Code-AI/Unreal Files/Content/StarterContent/Architecture/SM_AssetPlatform.uexp" 1042
"C:/Users/Tyus/Documents/GitHub/Code-AI/Unreal Files/Content/Sounds/34662__erh__nine-lies-the-heart-ed-4.uasset" 1043
"C:/Users/Tyus/Documents/GitHub/Code-AI/Unreal Files/Content/Sounds/34662__erh__nine-lies-the-heart-ed-4.uexp" 1044
"C:/Users/Tyus/Documents/GitHub/Code-AI/Unreal Files/Content/Interfaces/StartScreenIcons/CODE_AI_Start_Screen.uasset" 1045
"C:/Users/Tyus/Documents/GitHub/Code-AI/Unreal Files/Content/Interfaces/StartScreenIcons/CODE_AI_Start_Screen.uexp" 1046
"C:/Users/Tyus/Documents/GitHub/Code-AI/Unreal Files/Content/Interfaces/SaveLoadIcons/CODE_AI_Save_Screen__1_.uasset" 1047
"C:/Users/Tyus/Documents/GitHub/Code-AI/Unreal Files/Content/Interfaces/SaveLoadIcons/CODE_AI_Save_Screen__1_.uexp" 1048
"C:/Users/Tyus/Documents/GitHub/Code-AI/Unreal Files/Content/Interfaces/OptionsMenu/CODE_AI_Full_Options_Menu__1_.uasset" 1049
"C:/Users/Tyus/Documents/GitHub/Code-AI/Unreal Files/Content/Interfaces/OptionsMenu/CODE_AI_Full_Options_Menu__1_.uexp" 1050
"C:/Users/Tyus/Documents/GitHub/Code-AI/Unreal Files/Content/Interfaces/MainMenuIcons/CODE_AI_Main_Menu.uasset" 1051
"C:/Users/Tyus/Documents/GitHub/Code-AI/Unreal Files/Content/Interfaces/MainMenuIcons/CODE_AI_Main_Menu.uexp" 1052
"C:/Users/Tyus/Documents/GitHub/Code-AI/Unreal Files/Content/Geometry/Meshes/CubeMaterial.uasset" 1053
"C:/Users/Tyus/Documents/GitHub/Code-AI/Unreal Files/Content/Geometry/Meshes/CubeMaterial.uexp" 1054
"C:/Users/Tyus/Documents/GitHub/Code-AI/Unreal Files/Content/Geometry/Meshes/TemplateFloor.uasset" 1055
"C:/Users/Tyus/Documents/GitHub/Code-AI/Unreal Files/Content/Geometry/Meshes/TemplateFloor.uexp" 1056
"../../../Engine/Content/MapTemplates/Sky/M_BlackBackground.uasset" 1057
"../../../Engine/Content/MapTemplates/Sky/M_BlackBackground.uexp" 1058
"../../../Engine/Content/EngineSky/T_Sky_Stars.uasset" 1059
"../../../Engine/Content/EngineSky/T_Sky_Stars.uexp" 1060
"../../../Engine/Content/EngineSky/T_Sky_Stars.ubulk" 1061
"../../../Engine/Content/EngineSky/T_Sky_Clouds_M.uasset" 1062
"../../../Engine/Content/EngineSky/T_Sky_Clouds_M.uexp" 1063
"../../../Engine/Content/EngineSky/T_Sky_Clouds_M.ubulk" 1064
"../../../Engine/Content/EngineSky/T_Sky_Blue.uasset" 1065
"../../../Engine/Content/EngineSky/T_Sky_Blue.uexp" 1066
"../../../Engine/Content/EngineSky/T_Sky_Blue.ubulk" 1067
"../../../Engine/Content/EngineSky/M_Sky_Panning_Clouds2.uasset" 1068
"../../../Engine/Content/EngineSky/M_Sky_Panning_Clouds2.uexp" 1069
"../../../Engine/Content/EngineSky/SM_SkySphere.uasset" 1070
"../../../Engine/Content/EngineSky/SM_SkySphere.uexp" 1071
"../../../Engine/Content/EngineSky/C_Sky_Zenith_Color.uasset" 1072
"../../../Engine/Content/EngineSky/C_Sky_Zenith_Color.uexp" 1073
"../../../Engine/Content/EngineSky/C_Sky_Horizon_Color.uasset" 1074
"../../../Engine/Content/EngineSky/C_Sky_Horizon_Color.uexp" 1075
"../../../Engine/Content/EngineSky/C_Sky_Cloud_Color.uasset" 1076
"../../../Engine/Content/EngineSky/C_Sky_Cloud_Color.uexp" 1077
"../../../Engine/Content/EngineSky/BP_Sky_Sphere.uasset" 1078
"../../../Engine/Content/EngineSky/BP_Sky_Sphere.uexp" 1079
"../../../Engine/Content/EngineMaterials/Grid.uasset" 1080
"../../../Engine/Content/EngineMaterials/Grid.uexp" 1081
"../../../Engine/Content/EngineMaterials/Grid.ubulk" 1082
"../../../Engine/Content/EditorMaterials/Thumbnails/FloorPlaneMaterial.uasset" 1083
"../../../Engine/Content/EditorMaterials/Thumbnails/FloorPlaneMaterial.uexp" 1084
"C:/Users/Tyus/Documents/GitHub/Code-AI/Unreal Files/Content/Tutorial_Level.uexp" 1085
"C:/Users/Tyus/Documents/GitHub/Code-AI/Unreal Files/Content/Tutorial_Level.umap" 1086
